[INFO] 18:35:21:304 Broker/(28682:28682): se suscribio a la cola new
[INFO] 18:38:50:203 Broker/(7836:18017): se suscribio a la cola new
[INFO] 18:39:25:555 Broker/(7836:29281): se suscribio a la cola new
[INFO] 18:42:50:293 Broker/(24242:20885): se suscribio a la cola
[INFO] 18:44:26:714 Broker/(17638:9949): se suscribio a la cola
[INFO] 18:49:39:622 Broker/(25567:6149): se suscribio a la cola
[INFO] 18:50:51:358 Broker/(6423:6606): se suscribio a la cola
[INFO] 18:57:51:991 Broker/(27618:30877): se suscribio a la cola
[INFO] 19:04:32:11 Broker/(19382:14113): se suscribio a la cola
[INFO] 19:07:50:817 Broker/(11072:17259): se suscribio a la cola
[INFO] 19:46:27:721 Broker/(5919:5941): se suscribio a la cola
[INFO] 19:49:21:920 Broker/(5919:20251): se suscribio a la cola
[INFO] 20:03:03:402 Broker/(28971:348): se suscribio a la cola
[INFO] 20:09:29:969 Broker/(28971:20589): se suscribio a la cola
[INFO] 20:15:14:482 Broker/(28971:14324): se suscribio a la cola
[INFO] 20:20:33:573 Broker/(28971:25149): se suscribio a la cola
[INFO] 20:40:15:369 Broker/(4612:4809): se suscribio a la cola
[INFO] 21:09:52:304 Broker/(6148:6370): se suscribio a la cola
[INFO] 21:12:55:721 Broker/(6611:6829): se suscribio a la cola
[INFO] 21:22:43:483 Broker/(6611:7191): se suscribio a la cola
[INFO] 21:28:00:621 Broker/(6611:7485): se suscribio a la cola
[INFO] 21:33:20:330 Broker/(6611:7654): se suscribio a la cola
[INFO] 21:38:00:765 Broker/(6611:7787): se suscribio a la cola
[INFO] 21:46:56:118 Broker/(6611:7931): se suscribio a la cola
[INFO] 21:49:47:646 Broker/(6611:8021): se suscribio a la cola
[INFO] 22:25:27:723 Broker/(5402:5595): se suscribio a la cola
[INFO] 22:31:56:415 Broker/(5402:5825): se suscribio a la cola
[INFO] 13:32:40:279 Broker/(5106:5651): se suscribio a la cola
[INFO] 13:40:02:892 Broker/(5106:6077): se suscribio a la cola
[INFO] 13:50:38:677 Broker/(5106:6643): se suscribio a la cola
[INFO] 13:53:48:20 Broker/(5106:6761): se suscribio a la cola
[INFO] 13:59:08:849 Broker/(5106:7040): se suscribio a la cola
[INFO] 14:00:15:217 Broker/(5106:7126): se suscribio a la cola
[INFO] 14:01:15:99 Broker/(5106:7204): se suscribio a la cola
[INFO] 14:05:08:44 Broker/(5106:7414): se suscribio a la cola
[INFO] 14:59:06:225 Broker/(5106:8206): se suscribio a la cola
[INFO] 15:35:19:362 Broker/(9610:9618): se suscribio a la cola
[INFO] 15:36:21:963 Broker/(9610:9913): se suscribio a la cola
[INFO] 15:37:33:830 Broker/(9610:9925): se suscribio a la cola
[INFO] 16:08:33:264 Broker/(11554:12032): se suscribio a la cola
[INFO] 16:16:49:62 Broker/(12382:12393): se suscribio a la cola
[INFO] 16:27:54:780 Broker/(12382:24783): se suscribio a la cola
[INFO] 16:31:32:64 Broker/(12382:17234): se suscribio a la cola
[INFO] 16:33:43:261 Broker/(12382:18622): se suscribio a la cola
[INFO] 16:49:32:206 Broker/(4318:4326): Entre al case de Suscripcion
[INFO] 16:57:32:198 Broker/(4564:4572): Entre al case de Suscripcion
[INFO] 16:58:15:45 Broker/(4709:4719): Entre al case de Suscripcion
[INFO] 16:59:39:507 Broker/(4709:4810): Entre al case de Suscripcion
[INFO] 17:01:23:66 Broker/(4709:4876): Entre al case de Suscripcion
[INFO] 17:29:28:653 Broker/(4854:4862): se suscribio a la cola new
[INFO] 17:37:12:491 Broker/(4854:16621): se suscribio a la cola new
[INFO] 17:47:29:113 Broker/(26371:26379): se suscribio a la cola new
[INFO] 17:50:10:415 Broker/(26716:26724): se suscribio a la cola new
[INFO] 17:54:02:981 Broker/(26971:26979): se suscribio a la cola new
[INFO] 17:54:13:157 Broker/(26971:26984): se suscribio a la cola Localized
[INFO] 17:59:21:388 Broker/(26971:17948): se suscribio a la cola Localized
[INFO] 18:02:50:920 Broker/(24719:20185): Se suscribio a la cola New
[INFO] 18:02:58:514 Broker/(24719:11832): Se suscribio a la cola Get
[INFO] 18:03:09:962 Broker/(24719:11842): Se suscribio a la cola Catch
[INFO] 18:03:40:247 Broker/(24719:11860): Se suscribio a la cola New
[INFO] 18:03:46:331 Broker/(24719:11865): Se suscribio a la cola Appeared
[INFO] 18:03:52:187 Broker/(24719:11875): Se suscribio a la cola Get
[INFO] 18:04:05:323 Broker/(24719:11881): Se suscribio a la cola Localized
[INFO] 18:04:16:3 Broker/(24719:11886): Se suscribio a la cola Catch
[INFO] 18:04:22:947 Broker/(24719:11891): Se suscribio a la cola Caught
[INFO] 18:06:19:541 Broker/(24719:11920): Se suscribio a la cola New
[INFO] 18:09:05:744 Broker/(12012:12020): Se suscribio a la cola New
[INFO] 18:11:23:508 Broker/(12064:12073): Se suscribio a la cola New
[INFO] 18:15:18:960 Broker/(12179:12190): Se suscribio a la cola New
[INFO] 18:20:29:104 Broker/(12334:12343): Se suscribio a la cola Catch
[INFO] 16:25:49:848 Broker/(4472:4549): Se suscribio a la cola New
[INFO] 16:40:59:571 Broker/(4987:5093): Se suscribio a la cola New
[INFO] 16:47:45:369 Broker/(5286:5293): Se suscribio a la cola New
[INFO] 17:11:00:200 Broker/(5920:5926): Se suscribio a la cola New
[INFO] 19:22:17:74 Broker/(8893:8900): Se suscribio a la cola New
[INFO] 19:22:38:432 Broker/(8893:8910): estoy mandando mensajes
[INFO] 19:24:08:725 Broker/(8961:8970): estoy mandando mensajes
[INFO] 19:39:15:232 Broker/(9439:9446): estoy mandando mensajes
[INFO] 19:51:14:476 Broker/(9838:9845): estoy mandando mensajes
[INFO] 19:51:53:483 Broker/(9864:9871): estoy mandando mensajes
[INFO] 19:52:15:157 Broker/(9884:9891): estoy mandando mensajes
[INFO] 11:04:31:306 Broker/(4026:4132): estoy mandando mensajes
[INFO] 11:06:53:651 Broker/(4698:4705): estoy mandando mensajes
[INFO] 11:09:42:209 Broker/(5144:5153): estoy mandando mensajes
[INFO] 11:14:41:725 Broker/(4675:4685): estoy mandando mensajes
[INFO] 11:42:04:100 Broker/(5430:5437): estoy mandando mensajes
[INFO] 11:43:23:286 Broker/(5451:5458): estoy mandando mensajes
[INFO] 11:47:30:358 Broker/(5530:5538): estoy mandando mensajes
[INFO] 11:50:43:716 Broker/(5620:5631): estoy mandando mensajes
[INFO] 11:51:05:893 Broker/(5633:5635): estoy mandando mensajes
[INFO] 11:58:10:291 Broker/(5757:5764): Se suscribio a la cola New
[INFO] 12:02:22:850 Broker/(5757:5827): Se suscribio a la cola New
[INFO] 12:04:12:258 Broker/(28412:28419): Se suscribio a la cola New
[INFO] 12:04:25:590 Broker/(28412:28444): Se suscribio a la cola New
[INFO] 12:05:58:333 Broker/(28450:28452): estoy mandando mensajes
[INFO] 12:08:02:176 Broker/(28482:28484): estoy mandando mensajes
[INFO] 12:09:30:772 Broker/(28531:28539): estoy mandando mensajes
[INFO] 12:10:39:842 Broker/(28545:28547): estoy mandando mensajes
[INFO] 12:12:08:857 Broker/(28621:28634): Se suscribio a la cola New
[INFO] 12:12:17:560 Broker/(28621:28641): estoy mandando mensajes
[INFO] 18:56:07:781 Broker/(4896:4903): estoy mandando mensajes
[INFO] 18:57:17:534 Broker/(5024:5032): estoy mandando mensajes
[INFO] 18:57:58:800 Broker/(5115:5126): estoy mandando mensajes
[INFO] 18:59:30:318 Broker/(5310:5316): estoy mandando mensajes
[INFO] 19:35:27:110 Broker/(7511:7518): estoy mandando mensajes
[INFO] 19:36:38:971 Broker/(7600:7607): estoy mandando mensajes
[INFO] 19:37:56:248 Broker/(20275:20282): estoy mandando mensajes
[INFO] 21:36:34:93 Broker/(22286:22292): estoy mandando mensajes
[INFO] 21:36:46:132 Broker/(22286:22301): estoy mandando mensajes
[INFO] 21:37:32:784 Broker/(22329:22335): estoy mandando mensajes
[INFO] 21:38:23:526 Broker/(22419:22425): estoy mandando mensajes
[INFO] 21:39:18:271 Broker/(22485:22492): estoy mandando mensajes
[INFO] 21:44:13:499 Broker/(22626:22632): estoy mandando mensajes
[INFO] 21:46:23:861 Broker/(22661:22667): estoy mandando mensajes
[INFO] 21:52:02:977 Broker/(22854:22860): estoy mandando mensajes
[INFO] 21:52:21:265 Broker/(22879:22885): estoy mandando mensajes
[INFO] 21:55:59:729 Broker/(22955:22961): estoy mandando mensajes
[INFO] 21:59:11:564 Broker/(23035:23041): estoy mandando mensajes
[INFO] 21:59:41:253 Broker/(23147:23153): estoy mandando mensajes
[INFO] 22:01:35:232 Broker/(23179:23186): estoy mandando mensajes
[INFO] 22:02:12:449 Broker/(23215:23221): estoy mandando mensajes
[INFO] 22:04:17:4 Broker/(23327:23333): estoy mandando mensajes
[INFO] 22:04:52:317 Broker/(23353:23361): estoy mandando mensajes
[INFO] 22:04:54:809 Broker/(23353:23363): Se suscribio a la cola New
[INFO] 12:13:26:523 Broker/(4380:4396): estoy mandando mensajes
[INFO] 12:13:28:930 Broker/(4380:4398): estoy mandando mensajes
[INFO] 12:14:15:17 Broker/(4380:4404): Se suscribio a la cola New
[INFO] 12:16:25:663 Broker/(4484:4490): estoy mandando mensajes
[INFO] 12:16:27:11 Broker/(4484:4492): estoy mandando mensajes
[INFO] 12:16:27:952 Broker/(4484:4494): estoy mandando mensajes
[INFO] 12:16:30:451 Broker/(4484:4496): estoy mandando mensajes
[INFO] 12:16:30:452 Broker/(4484:4496): Se suscribio a la cola New
[INFO] 12:17:30:709 Broker/(4484:22834): estoy mandando mensajes
[INFO] 12:17:44:102 Broker/(22852:22858): estoy mandando mensajes
[INFO] 12:17:56:302 Broker/(22852:22860): estoy mandando mensajes
[INFO] 12:17:56:302 Broker/(22852:22860): Se suscribio a la cola New
[INFO] 12:20:37:633 Broker/(22961:22969): estoy mandando mensajes
[INFO] 12:20:41:321 Broker/(22961:22971): estoy mandando mensajes
[INFO] 12:20:41:327 Broker/(22961:22971): Se suscribio a la cola New
[INFO] 12:22:26:710 Broker/(23050:23056): estoy mandando mensajes
[INFO] 12:22:30:314 Broker/(23050:23058): estoy mandando mensajes
[INFO] 12:22:30:317 Broker/(23050:23058): Se suscribio a la cola New
[INFO] 12:24:21:243 Broker/(23136:23142): estoy mandando mensajes
[INFO] 12:24:23:791 Broker/(23136:23144): estoy mandando mensajes
[INFO] 12:24:23:793 Broker/(23136:23144): Se suscribio a la cola New
[INFO] 12:25:48:668 Broker/(23136:4799): estoy mandando mensajes
[INFO] 12:26:06:101 Broker/(4820:4828): estoy mandando mensajes
[INFO] 12:26:13:317 Broker/(4820:4830): estoy mandando mensajes
[INFO] 12:26:13:317 Broker/(4820:4830): Se suscribio a la cola New
[INFO] 12:29:08:382 Broker/(4820:5179): estoy mandando mensajes
[INFO] 12:29:15:869 Broker/(5189:5195): estoy mandando mensajes
[INFO] 12:29:20:915 Broker/(5189:5197): estoy mandando mensajes
[INFO] 12:29:20:916 Broker/(5189:5197): Se suscribio a la cola New
[INFO] 12:32:15:743 Broker/(5361:5368): estoy mandando mensajes
[INFO] 12:32:15:743 Broker/(5361:5368): Se suscribio a la cola New
[INFO] 12:32:18:98 Broker/(5361:5370): estoy mandando mensajes
[INFO] 12:32:21:499 Broker/(5361:5372): estoy mandando mensajes
[INFO] 12:32:26:994 Broker/(5361:5374): estoy mandando mensajes
[INFO] 12:32:41:246 Broker/(5361:5383): estoy mandando mensajes
[INFO] 12:33:00:495 Broker/(5394:5400): estoy mandando mensajes
[INFO] 12:33:03:946 Broker/(5394:5402): estoy mandando mensajes
[INFO] 12:33:03:948 Broker/(5394:5402): Se suscribio a la cola New
[INFO] 12:33:06:469 Broker/(5394:5404): estoy mandando mensajes
[INFO] 12:33:15:649 Broker/(5394:5406): estoy mandando mensajes
[INFO] 12:33:32:902 Broker/(5416:5422): estoy mandando mensajes
[INFO] 12:33:32:902 Broker/(5416:5422): Se suscribio a la cola New
[INFO] 12:33:36:3 Broker/(5416:5426): estoy mandando mensajes
[INFO] 12:33:48:573 Broker/(5416:5429): estoy mandando mensajes
[INFO] 14:37:58:370 Broker/(7369:7406): estoy mandando mensajes
[INFO] 14:58:11:177 Broker/(8215:28753): estoy mandando mensajes
[INFO] 16:54:21:664 Broker/(12401:20391): estoy mandando mensajes
[INFO] 16:54:55:232 Broker/(20409:20417): estoy mandando mensajes
[INFO] 17:14:02:561 Broker/(20641:21091): estoy mandando mensajes
