[INFO] 10:09:48:704 Team/(16091:16099): Conexión a Broker fallida, Se inicia operación por default: Asumir que no existen los Pokemones objetivo.
[INFO] 10:09:48:705 Team/(16091:16097): Intentando Conexión a Broker...
[INFO] 10:10:11:665 Team/(16200:16206): Intentando Conexión a Broker...
[INFO] 10:10:41:666 Team/(16200:16206): Conexión con Broker establecida, apostemos cuánto dura...
[INFO] 10:10:41:667 Team/(16200:16206): Intentando Conexión a Broker...
[INFO] 10:13:51:577 Team/(16580:16586): Intentando Conexión a Broker...
[INFO] 10:15:44:107 Team/(16756:16762): Intentando Conexión a Broker...
[INFO] 10:19:00:379 Team/(16830:16836): Intentando Conexión a Broker...
[INFO] 10:19:30:380 Team/(16830:16836): Conexión con Broker establecida, apostemos cuánto dura...
[INFO] 10:19:30:380 Team/(16830:16836): Intentando Conexión a Broker...
[INFO] 10:29:02:276 Team/(17211:17217): Intentando Conexión a Broker...
[INFO] 10:29:32:279 Team/(17211:17217): Conexión con Broker establecida, apostemos cuánto dura...
[INFO] 10:29:32:280 Team/(17211:17217): Intentando Conexión a Broker...
[INFO] 10:31:53:899 Team/(17436:17442): Intentando Conexión a Broker...
[INFO] 10:31:58:900 Team/(17436:17442): Conexión con Broker establecida, apostemos cuánto dura...
[INFO] 10:31:58:900 Team/(17436:17442): Intentando Conexión a Broker...
[ERROR] 10:32:03:901 Team/(17436:17442): Intento de conexión fallido, intentando de nuevo en 5 segundo/s.
[INFO] 10:32:03:901 Team/(17436:17442): Intentando Conexión a Broker...
[ERROR] 10:32:08:902 Team/(17436:17442): Intento de conexión fallido, intentando de nuevo en 5 segundo/s.
[INFO] 10:32:08:902 Team/(17436:17442): Intentando Conexión a Broker...
[ERROR] 10:32:13:903 Team/(17436:17442): Intento de conexión fallido, intentando de nuevo en 5 segundo/s.
[INFO] 10:32:13:904 Team/(17436:17442): Intentando Conexión a Broker...
[ERROR] 10:32:18:905 Team/(17436:17442): Intento de conexión fallido, intentando de nuevo en 5 segundo/s.
[INFO] 10:32:18:905 Team/(17436:17442): Intentando Conexión a Broker...
[ERROR] 10:32:23:908 Team/(17436:17442): Intento de conexión fallido, intentando de nuevo en 5 segundo/s.
[INFO] 10:32:23:908 Team/(17436:17442): Intentando Conexión a Broker...
[ERROR] 10:32:28:909 Team/(17436:17442): Intento de conexión fallido, intentando de nuevo en 5 segundo/s.
[INFO] 10:32:28:909 Team/(17436:17442): Intentando Conexión a Broker...
[ERROR] 10:32:33:912 Team/(17436:17442): Intento de conexión fallido, intentando de nuevo en 5 segundo/s.
[INFO] 10:32:33:913 Team/(17436:17442): Intentando Conexión a Broker...
[ERROR] 10:32:38:914 Team/(17436:17442): Intento de conexión fallido, intentando de nuevo en 5 segundo/s.
[INFO] 10:32:38:914 Team/(17436:17442): Intentando Conexión a Broker...
[ERROR] 10:32:43:915 Team/(17436:17442): Intento de conexión fallido, intentando de nuevo en 5 segundo/s.
[INFO] 10:32:43:915 Team/(17436:17442): Intentando Conexión a Broker...
[ERROR] 10:32:48:916 Team/(17436:17442): Intento de conexión fallido, intentando de nuevo en 5 segundo/s.
[INFO] 10:32:48:916 Team/(17436:17442): Intentando Conexión a Broker...
[ERROR] 10:32:53:917 Team/(17436:17442): Intento de conexión fallido, intentando de nuevo en 5 segundo/s.
[INFO] 10:32:53:917 Team/(17436:17442): Intentando Conexión a Broker...
[ERROR] 10:32:58:919 Team/(17436:17442): Intento de conexión fallido, intentando de nuevo en 5 segundo/s.
[INFO] 10:32:58:919 Team/(17436:17442): Intentando Conexión a Broker...
[ERROR] 10:33:03:919 Team/(17436:17442): Intento de conexión fallido, intentando de nuevo en 5 segundo/s.
[INFO] 10:33:03:920 Team/(17436:17442): Intentando Conexión a Broker...
[ERROR] 10:33:08:920 Team/(17436:17442): Intento de conexión fallido, intentando de nuevo en 5 segundo/s.
[INFO] 10:33:08:921 Team/(17436:17442): Intentando Conexión a Broker...
[ERROR] 10:33:13:922 Team/(17436:17442): Intento de conexión fallido, intentando de nuevo en 5 segundo/s.
[INFO] 10:33:13:922 Team/(17436:17442): Intentando Conexión a Broker...
[ERROR] 10:33:18:924 Team/(17436:17442): Intento de conexión fallido, intentando de nuevo en 5 segundo/s.
[INFO] 10:33:18:924 Team/(17436:17442): Intentando Conexión a Broker...
[ERROR] 10:33:23:926 Team/(17436:17442): Intento de conexión fallido, intentando de nuevo en 5 segundo/s.
[INFO] 10:33:23:926 Team/(17436:17442): Intentando Conexión a Broker...
[ERROR] 10:33:28:927 Team/(17436:17442): Intento de conexión fallido, intentando de nuevo en 5 segundo/s.
[INFO] 10:33:28:927 Team/(17436:17442): Intentando Conexión a Broker...
[ERROR] 10:33:33:928 Team/(17436:17442): Intento de conexión fallido, intentando de nuevo en 5 segundo/s.
[INFO] 10:33:33:929 Team/(17436:17442): Intentando Conexión a Broker...
[ERROR] 10:33:38:931 Team/(17436:17442): Intento de conexión fallido, intentando de nuevo en 5 segundo/s.
[INFO] 10:33:38:931 Team/(17436:17442): Intentando Conexión a Broker...
[ERROR] 10:33:43:933 Team/(17436:17442): Intento de conexión fallido, intentando de nuevo en 5 segundo/s.
[INFO] 10:33:43:933 Team/(17436:17442): Intentando Conexión a Broker...
[ERROR] 10:33:48:933 Team/(17436:17442): Intento de conexión fallido, intentando de nuevo en 5 segundo/s.
[INFO] 10:33:48:934 Team/(17436:17442): Intentando Conexión a Broker...
[ERROR] 10:33:53:934 Team/(17436:17442): Intento de conexión fallido, intentando de nuevo en 5 segundo/s.
[INFO] 10:33:53:935 Team/(17436:17442): Intentando Conexión a Broker...
[ERROR] 10:33:58:935 Team/(17436:17442): Intento de conexión fallido, intentando de nuevo en 5 segundo/s.
[INFO] 10:33:58:936 Team/(17436:17442): Intentando Conexión a Broker...
[ERROR] 10:34:03:936 Team/(17436:17442): Intento de conexión fallido, intentando de nuevo en 5 segundo/s.
[INFO] 10:34:03:937 Team/(17436:17442): Intentando Conexión a Broker...
[ERROR] 10:34:08:937 Team/(17436:17442): Intento de conexión fallido, intentando de nuevo en 5 segundo/s.
[INFO] 10:34:08:938 Team/(17436:17442): Intentando Conexión a Broker...
[INFO] 10:52:02:890 Team/(18759:18765): Intentando Conexión a Broker...
[INFO] 10:52:07:891 Team/(18759:18765): Conexión con Broker establecida, apostemos cuánto dura...
[INFO] 10:52:07:891 Team/(18759:18765): Intentando Conexión a Broker...
[ERROR] 10:52:12:892 Team/(18759:18765): Intento de conexión fallido, intentando de nuevo en 5 segundo/s.
[INFO] 10:52:12:893 Team/(18759:18765): Intentando Conexión a Broker...
[ERROR] 10:52:17:893 Team/(18759:18765): Intento de conexión fallido, intentando de nuevo en 5 segundo/s.
[INFO] 10:52:17:893 Team/(18759:18765): Intentando Conexión a Broker...
[ERROR] 10:52:22:894 Team/(18759:18765): Intento de conexión fallido, intentando de nuevo en 5 segundo/s.
[INFO] 10:52:22:895 Team/(18759:18765): Intentando Conexión a Broker...
[ERROR] 10:52:27:895 Team/(18759:18765): Intento de conexión fallido, intentando de nuevo en 5 segundo/s.
[INFO] 10:52:27:896 Team/(18759:18765): Intentando Conexión a Broker...
[ERROR] 10:52:32:897 Team/(18759:18765): Intento de conexión fallido, intentando de nuevo en 5 segundo/s.
[INFO] 10:52:32:897 Team/(18759:18765): Intentando Conexión a Broker...
[ERROR] 10:52:37:898 Team/(18759:18765): Intento de conexión fallido, intentando de nuevo en 5 segundo/s.
[INFO] 10:52:37:899 Team/(18759:18765): Intentando Conexión a Broker...
[ERROR] 10:52:42:899 Team/(18759:18765): Intento de conexión fallido, intentando de nuevo en 5 segundo/s.
[INFO] 10:52:42:900 Team/(18759:18765): Intentando Conexión a Broker...
[INFO] 10:56:32:143 Team/(19003:19009): Intentando Conexión a Broker...
[INFO] 10:56:37:144 Team/(19003:19009): Conexión con Broker establecida, apostemos cuánto dura...
[INFO] 10:56:37:145 Team/(19003:19009): Intentando Conexión a Broker...
[INFO] 10:56:42:145 Team/(19003:19009): Conexión con Broker establecida, apostemos cuánto dura...
[INFO] 10:56:42:146 Team/(19003:19009): Intentando Conexión a Broker...
[INFO] 10:57:21:106 Team/(19075:19081): Intentando Conexión a Broker...
[INFO] 10:57:26:108 Team/(19075:19081): Conexión con Broker establecida, apostemos cuánto dura...
[INFO] 10:57:26:109 Team/(19075:19081): Intentando Conexión a Broker...
[ERROR] 10:57:31:109 Team/(19075:19081): Intento de conexión fallido, intentando de nuevo en 5 segundo/s.
[INFO] 10:57:31:110 Team/(19075:19081): Intentando Conexión a Broker...
[ERROR] 10:57:36:110 Team/(19075:19081): Intento de conexión fallido, intentando de nuevo en 5 segundo/s.
[INFO] 10:57:36:110 Team/(19075:19081): Intentando Conexión a Broker...
[INFO] 11:03:12:936 Team/(19322:19328): Intentando Conexión a Broker...
[INFO] 11:03:17:937 Team/(19322:19328): Conexión con Broker establecida, apostemos cuánto dura...
[INFO] 11:03:17:940 Team/(19322:19328): Intentando Conexión a Broker...
[ERROR] 11:03:22:941 Team/(19322:19328): Intento de conexión fallido, intentando de nuevo en 5 segundo/s.
[INFO] 11:03:22:941 Team/(19322:19328): Intentando Conexión a Broker...
[ERROR] 11:03:27:942 Team/(19322:19328): Intento de conexión fallido, intentando de nuevo en 5 segundo/s.
[INFO] 11:03:27:942 Team/(19322:19328): Intentando Conexión a Broker...
[ERROR] 11:03:32:943 Team/(19322:19328): Intento de conexión fallido, intentando de nuevo en 5 segundo/s.
[INFO] 11:03:32:943 Team/(19322:19328): Intentando Conexión a Broker...
[ERROR] 11:03:37:943 Team/(19322:19328): Intento de conexión fallido, intentando de nuevo en 5 segundo/s.
[INFO] 11:03:37:943 Team/(19322:19328): Intentando Conexión a Broker...
[ERROR] 11:03:42:944 Team/(19322:19328): Intento de conexión fallido, intentando de nuevo en 5 segundo/s.
[INFO] 11:03:42:944 Team/(19322:19328): Intentando Conexión a Broker...
[ERROR] 11:03:47:945 Team/(19322:19328): Intento de conexión fallido, intentando de nuevo en 5 segundo/s.
[INFO] 11:03:47:945 Team/(19322:19328): Intentando Conexión a Broker...
[ERROR] 11:03:52:945 Team/(19322:19328): Intento de conexión fallido, intentando de nuevo en 5 segundo/s.
[INFO] 11:03:52:946 Team/(19322:19328): Intentando Conexión a Broker...
[ERROR] 11:03:57:952 Team/(19322:19328): Intento de conexión fallido, intentando de nuevo en 5 segundo/s.
[INFO] 11:03:57:952 Team/(19322:19328): Intentando Conexión a Broker...
[ERROR] 11:04:02:953 Team/(19322:19328): Intento de conexión fallido, intentando de nuevo en 5 segundo/s.
[INFO] 11:04:02:953 Team/(19322:19328): Intentando Conexión a Broker...
[ERROR] 11:04:07:954 Team/(19322:19328): Intento de conexión fallido, intentando de nuevo en 5 segundo/s.
[INFO] 11:04:07:955 Team/(19322:19328): Intentando Conexión a Broker...
[ERROR] 11:04:12:955 Team/(19322:19328): Intento de conexión fallido, intentando de nuevo en 5 segundo/s.
[INFO] 11:04:12:956 Team/(19322:19328): Intentando Conexión a Broker...
[ERROR] 11:04:17:957 Team/(19322:19328): Intento de conexión fallido, intentando de nuevo en 5 segundo/s.
[INFO] 11:04:17:957 Team/(19322:19328): Intentando Conexión a Broker...
[ERROR] 11:04:22:962 Team/(19322:19328): Intento de conexión fallido, intentando de nuevo en 5 segundo/s.
[INFO] 11:04:22:962 Team/(19322:19328): Intentando Conexión a Broker...
[ERROR] 11:04:27:963 Team/(19322:19328): Intento de conexión fallido, intentando de nuevo en 5 segundo/s.
[INFO] 11:04:27:963 Team/(19322:19328): Intentando Conexión a Broker...
[ERROR] 11:04:32:964 Team/(19322:19328): Intento de conexión fallido, intentando de nuevo en 5 segundo/s.
[INFO] 11:04:32:964 Team/(19322:19328): Intentando Conexión a Broker...
[ERROR] 11:04:37:968 Team/(19322:19328): Intento de conexión fallido, intentando de nuevo en 5 segundo/s.
[INFO] 11:04:37:968 Team/(19322:19328): Intentando Conexión a Broker...
[ERROR] 11:04:42:969 Team/(19322:19328): Intento de conexión fallido, intentando de nuevo en 5 segundo/s.
[INFO] 11:04:42:969 Team/(19322:19328): Intentando Conexión a Broker...
[ERROR] 11:04:47:970 Team/(19322:19328): Intento de conexión fallido, intentando de nuevo en 5 segundo/s.
[INFO] 11:04:47:971 Team/(19322:19328): Intentando Conexión a Broker...
[ERROR] 11:04:52:971 Team/(19322:19328): Intento de conexión fallido, intentando de nuevo en 5 segundo/s.
[INFO] 11:04:52:972 Team/(19322:19328): Intentando Conexión a Broker...
[ERROR] 11:04:57:972 Team/(19322:19328): Intento de conexión fallido, intentando de nuevo en 5 segundo/s.
[INFO] 11:04:57:973 Team/(19322:19328): Intentando Conexión a Broker...
[INFO] 11:09:35:777 Team/(19522:19528): Intentando Conexión a Broker...
[INFO] 11:09:40:777 Team/(19522:19528): Conexión con Broker establecida, apostemos cuánto dura...
[INFO] 11:09:40:779 Team/(19522:19528): Intentando Conexión a Broker...
[INFO] 11:09:45:781 Team/(19522:19528): Conexión con Broker establecida, apostemos cuánto dura...
[INFO] 11:09:45:782 Team/(19522:19528): Intentando Conexión a Broker...
[INFO] 11:09:50:783 Team/(19522:19528): Conexión con Broker establecida, apostemos cuánto dura...
[INFO] 11:10:06:857 Team/(19522:19546): Intentando Conexión a Broker...
[ERROR] 11:10:11:859 Team/(19522:19546): Intento de conexión fallido, intentando de nuevo en 5 segundo/s.
[INFO] 11:10:11:859 Team/(19522:19546): Intentando Conexión a Broker...
[ERROR] 11:10:16:860 Team/(19522:19546): Intento de conexión fallido, intentando de nuevo en 5 segundo/s.
[INFO] 11:10:16:861 Team/(19522:19546): Intentando Conexión a Broker...
[ERROR] 11:10:21:862 Team/(19522:19546): Intento de conexión fallido, intentando de nuevo en 5 segundo/s.
[INFO] 11:10:21:862 Team/(19522:19546): Intentando Conexión a Broker...
[ERROR] 11:10:26:866 Team/(19522:19546): Intento de conexión fallido, intentando de nuevo en 5 segundo/s.
[INFO] 11:10:26:867 Team/(19522:19546): Intentando Conexión a Broker...
[ERROR] 11:10:31:867 Team/(19522:19546): Intento de conexión fallido, intentando de nuevo en 5 segundo/s.
[INFO] 11:10:31:868 Team/(19522:19546): Intentando Conexión a Broker...
[ERROR] 11:10:36:875 Team/(19522:19546): Intento de conexión fallido, intentando de nuevo en 5 segundo/s.
[INFO] 11:10:36:876 Team/(19522:19546): Intentando Conexión a Broker...
[ERROR] 11:10:41:876 Team/(19522:19546): Intento de conexión fallido, intentando de nuevo en 5 segundo/s.
[INFO] 11:10:41:876 Team/(19522:19546): Intentando Conexión a Broker...
[ERROR] 11:10:46:877 Team/(19522:19546): Intento de conexión fallido, intentando de nuevo en 5 segundo/s.
[INFO] 11:10:46:877 Team/(19522:19546): Intentando Conexión a Broker...
[ERROR] 11:10:51:878 Team/(19522:19546): Intento de conexión fallido, intentando de nuevo en 5 segundo/s.
[INFO] 11:10:51:878 Team/(19522:19546): Intentando Conexión a Broker...
[INFO] 11:10:56:879 Team/(19522:19546): Conexión con Broker establecida, apostemos cuánto dura...
[INFO] 11:10:56:884 Team/(19522:19544): Intentando Conexión a Broker...
[INFO] 11:11:01:885 Team/(19522:19544): Conexión con Broker establecida, apostemos cuánto dura...
[INFO] 11:11:01:886 Team/(19522:19545): Intentando Conexión a Broker...
[INFO] 11:11:06:892 Team/(19522:19545): Conexión con Broker establecida, apostemos cuánto dura...
[INFO] 11:11:23:239 Team/(19522:19544): LLego un mensaje Appeared, datos:
Nombre:Bulbasaur
Pos X: 3
Pos Y: 5
ID: 5
ID Correlativa: 5.
[INFO] 11:11:25:815 Team/(19522:19544): LLego un mensaje Appeared, datos:
Nombre:Bulbasaur
Pos X: 3
Pos Y: 5
ID: 7
ID Correlativa: 5.
[INFO] 11:12:21:900 Team/(19522:19545): Intentando Conexión a Broker...
[ERROR] 11:12:26:901 Team/(19522:19545): Intento de conexión fallido, intentando de nuevo en 5 segundo/s.
[INFO] 11:12:26:901 Team/(19522:19545): Intentando Conexión a Broker...
[ERROR] 11:12:31:902 Team/(19522:19545): Intento de conexión fallido, intentando de nuevo en 5 segundo/s.
[INFO] 11:12:31:902 Team/(19522:19545): Intentando Conexión a Broker...
[ERROR] 11:12:36:903 Team/(19522:19545): Intento de conexión fallido, intentando de nuevo en 5 segundo/s.
[INFO] 11:12:36:903 Team/(19522:19545): Intentando Conexión a Broker...
[ERROR] 11:12:41:904 Team/(19522:19545): Intento de conexión fallido, intentando de nuevo en 5 segundo/s.
[INFO] 11:12:41:905 Team/(19522:19545): Intentando Conexión a Broker...
[INFO] 11:12:46:905 Team/(19522:19545): Conexión con Broker establecida, apostemos cuánto dura...
[INFO] 11:12:46:905 Team/(19522:19544): Intentando Conexión a Broker...
[INFO] 11:12:51:906 Team/(19522:19544): Conexión con Broker establecida, apostemos cuánto dura...
[INFO] 11:12:51:907 Team/(19522:19546): Intentando Conexión a Broker...
[INFO] 11:12:56:910 Team/(19522:19546): Conexión con Broker establecida, apostemos cuánto dura...
[INFO] 11:16:47:351 Team/(19870:19876): Intentando Conexión a Broker...
[INFO] 11:16:52:352 Team/(19870:19876): Conexión con Broker establecida, apostemos cuánto dura...
[INFO] 11:16:52:353 Team/(19870:19876): Intentando Conexión a Broker...
[ERROR] 11:16:57:353 Team/(19870:19876): Intento de conexión fallido, intentando de nuevo en 5 segundo/s.
[INFO] 11:16:57:354 Team/(19870:19876): Intentando Conexión a Broker...
[ERROR] 11:17:02:354 Team/(19870:19876): Intento de conexión fallido, intentando de nuevo en 5 segundo/s.
[INFO] 11:17:02:355 Team/(19870:19876): Intentando Conexión a Broker...
[ERROR] 11:17:07:355 Team/(19870:19876): Intento de conexión fallido, intentando de nuevo en 5 segundo/s.
[INFO] 11:17:07:355 Team/(19870:19876): Intentando Conexión a Broker...
[ERROR] 11:17:12:356 Team/(19870:19876): Intento de conexión fallido, intentando de nuevo en 5 segundo/s.
[INFO] 11:17:12:356 Team/(19870:19876): Intentando Conexión a Broker...
[ERROR] 11:17:17:356 Team/(19870:19876): Intento de conexión fallido, intentando de nuevo en 5 segundo/s.
[INFO] 11:17:17:357 Team/(19870:19876): Intentando Conexión a Broker...
[ERROR] 11:17:22:357 Team/(19870:19876): Intento de conexión fallido, intentando de nuevo en 5 segundo/s.
[INFO] 11:17:22:358 Team/(19870:19876): Intentando Conexión a Broker...
[ERROR] 11:17:27:358 Team/(19870:19876): Intento de conexión fallido, intentando de nuevo en 5 segundo/s.
[INFO] 11:17:27:359 Team/(19870:19876): Intentando Conexión a Broker...
[ERROR] 11:17:32:360 Team/(19870:19876): Intento de conexión fallido, intentando de nuevo en 5 segundo/s.
[INFO] 11:17:32:361 Team/(19870:19876): Intentando Conexión a Broker...
[ERROR] 11:17:37:361 Team/(19870:19876): Intento de conexión fallido, intentando de nuevo en 5 segundo/s.
[INFO] 11:17:37:361 Team/(19870:19876): Intentando Conexión a Broker...
[ERROR] 11:17:42:362 Team/(19870:19876): Intento de conexión fallido, intentando de nuevo en 5 segundo/s.
[INFO] 11:17:42:362 Team/(19870:19876): Intentando Conexión a Broker...
[ERROR] 11:17:47:363 Team/(19870:19876): Intento de conexión fallido, intentando de nuevo en 5 segundo/s.
[INFO] 11:17:47:363 Team/(19870:19876): Intentando Conexión a Broker...
[ERROR] 11:17:52:365 Team/(19870:19876): Intento de conexión fallido, intentando de nuevo en 5 segundo/s.
[INFO] 11:17:52:365 Team/(19870:19876): Intentando Conexión a Broker...
[ERROR] 11:17:57:366 Team/(19870:19876): Intento de conexión fallido, intentando de nuevo en 5 segundo/s.
[INFO] 11:17:57:366 Team/(19870:19876): Intentando Conexión a Broker...
[ERROR] 11:18:02:366 Team/(19870:19876): Intento de conexión fallido, intentando de nuevo en 5 segundo/s.
[INFO] 11:18:02:366 Team/(19870:19876): Intentando Conexión a Broker...
[ERROR] 11:18:07:367 Team/(19870:19876): Intento de conexión fallido, intentando de nuevo en 5 segundo/s.
[INFO] 11:18:07:367 Team/(19870:19876): Intentando Conexión a Broker...
[ERROR] 11:18:12:368 Team/(19870:19876): Intento de conexión fallido, intentando de nuevo en 5 segundo/s.
[INFO] 11:18:12:369 Team/(19870:19876): Intentando Conexión a Broker...
[ERROR] 11:18:17:369 Team/(19870:19876): Intento de conexión fallido, intentando de nuevo en 5 segundo/s.
[INFO] 11:18:17:370 Team/(19870:19876): Intentando Conexión a Broker...
[ERROR] 11:18:22:371 Team/(19870:19876): Intento de conexión fallido, intentando de nuevo en 5 segundo/s.
[INFO] 11:18:22:371 Team/(19870:19876): Intentando Conexión a Broker...
[ERROR] 11:18:27:372 Team/(19870:19876): Intento de conexión fallido, intentando de nuevo en 5 segundo/s.
[INFO] 11:18:27:373 Team/(19870:19876): Intentando Conexión a Broker...
[ERROR] 11:18:32:373 Team/(19870:19876): Intento de conexión fallido, intentando de nuevo en 5 segundo/s.
[INFO] 11:18:32:374 Team/(19870:19876): Intentando Conexión a Broker...
[ERROR] 11:18:37:375 Team/(19870:19876): Intento de conexión fallido, intentando de nuevo en 5 segundo/s.
[INFO] 11:18:37:376 Team/(19870:19876): Intentando Conexión a Broker...
[ERROR] 11:18:42:376 Team/(19870:19876): Intento de conexión fallido, intentando de nuevo en 5 segundo/s.
[INFO] 11:18:42:377 Team/(19870:19876): Intentando Conexión a Broker...
[ERROR] 11:18:47:377 Team/(19870:19876): Intento de conexión fallido, intentando de nuevo en 5 segundo/s.
[INFO] 11:18:47:378 Team/(19870:19876): Intentando Conexión a Broker...
[INFO] 11:18:52:378 Team/(19870:19876): Conexión con Broker establecida, apostemos cuánto dura...
[INFO] 11:18:52:379 Team/(19870:19876): Intentando Conexión a Broker...
[INFO] 11:18:57:380 Team/(19870:19876): Conexión con Broker establecida, apostemos cuánto dura...
[INFO] 11:18:58:386 Team/(19870:19974): Intentando Conexión a Broker...
[INFO] 11:19:03:388 Team/(19870:19974): Conexión con Broker establecida, apostemos cuánto dura...
[INFO] 11:20:48:142 Team/(20072:20078): Intentando Conexión a Broker...
[INFO] 11:20:53:143 Team/(20072:20078): Conexión con Broker establecida, apostemos cuánto dura...
[INFO] 11:20:53:144 Team/(20072:20078): Intentando Conexión a Broker...
[INFO] 11:20:58:145 Team/(20072:20078): Conexión con Broker establecida, apostemos cuánto dura...
[INFO] 11:20:58:146 Team/(20072:20078): Intentando Conexión a Broker...
[INFO] 11:21:03:146 Team/(20072:20078): Conexión con Broker establecida, apostemos cuánto dura...
[INFO] 11:22:56:467 Team/(20072:20112): Intentando Conexión a Broker...
[ERROR] 11:23:01:467 Team/(20072:20112): Intento de conexión fallido, intentando de nuevo en 5 segundo/s.
[INFO] 11:23:01:468 Team/(20072:20112): Intentando Conexión a Broker...
[ERROR] 11:23:06:468 Team/(20072:20112): Intento de conexión fallido, intentando de nuevo en 5 segundo/s.
[INFO] 11:23:06:469 Team/(20072:20112): Intentando Conexión a Broker...
[ERROR] 11:23:11:470 Team/(20072:20112): Intento de conexión fallido, intentando de nuevo en 5 segundo/s.
[INFO] 11:23:11:472 Team/(20072:20112): Intentando Conexión a Broker...
[ERROR] 11:23:16:473 Team/(20072:20112): Intento de conexión fallido, intentando de nuevo en 5 segundo/s.
[INFO] 11:23:16:474 Team/(20072:20112): Intentando Conexión a Broker...
[ERROR] 11:23:21:474 Team/(20072:20112): Intento de conexión fallido, intentando de nuevo en 5 segundo/s.
[INFO] 11:23:21:475 Team/(20072:20112): Intentando Conexión a Broker...
[ERROR] 11:23:26:475 Team/(20072:20112): Intento de conexión fallido, intentando de nuevo en 5 segundo/s.
[INFO] 11:23:26:476 Team/(20072:20112): Intentando Conexión a Broker...
[ERROR] 11:23:31:477 Team/(20072:20112): Intento de conexión fallido, intentando de nuevo en 5 segundo/s.
[INFO] 11:23:31:477 Team/(20072:20112): Intentando Conexión a Broker...
[ERROR] 11:23:36:492 Team/(20072:20112): Intento de conexión fallido, intentando de nuevo en 5 segundo/s.
[INFO] 11:23:36:492 Team/(20072:20112): Intentando Conexión a Broker...
[ERROR] 11:23:41:492 Team/(20072:20112): Intento de conexión fallido, intentando de nuevo en 5 segundo/s.
[INFO] 11:23:41:493 Team/(20072:20112): Intentando Conexión a Broker...
[ERROR] 11:23:46:494 Team/(20072:20112): Intento de conexión fallido, intentando de nuevo en 5 segundo/s.
[INFO] 11:23:46:494 Team/(20072:20112): Intentando Conexión a Broker...
[ERROR] 11:23:51:495 Team/(20072:20112): Intento de conexión fallido, intentando de nuevo en 5 segundo/s.
[INFO] 11:23:51:495 Team/(20072:20112): Intentando Conexión a Broker...
[ERROR] 11:23:56:496 Team/(20072:20112): Intento de conexión fallido, intentando de nuevo en 5 segundo/s.
[INFO] 11:23:56:497 Team/(20072:20112): Intentando Conexión a Broker...
[ERROR] 11:24:01:498 Team/(20072:20112): Intento de conexión fallido, intentando de nuevo en 5 segundo/s.
[INFO] 11:24:01:498 Team/(20072:20112): Intentando Conexión a Broker...
[ERROR] 11:24:06:499 Team/(20072:20112): Intento de conexión fallido, intentando de nuevo en 5 segundo/s.
[INFO] 11:24:06:500 Team/(20072:20112): Intentando Conexión a Broker...
[INFO] 11:24:11:500 Team/(20072:20112): Conexión con Broker establecida, apostemos cuánto dura...
[INFO] 11:24:11:501 Team/(20072:20110): Intentando Conexión a Broker...
[INFO] 11:24:16:503 Team/(20072:20110): Conexión con Broker establecida, apostemos cuánto dura...
[INFO] 11:24:16:505 Team/(20072:20111): Intentando Conexión a Broker...
[INFO] 11:25:28:829 Team/(20306:20312): Intentando Conexión a Broker...
[INFO] 11:25:33:830 Team/(20306:20312): Conexión con Broker establecida, apostemos cuánto dura...
[INFO] 11:25:33:831 Team/(20306:20312): Intentando Conexión a Broker...
[INFO] 11:25:38:831 Team/(20306:20312): Conexión con Broker establecida, apostemos cuánto dura...
[INFO] 11:25:38:832 Team/(20306:20312): Intentando Conexión a Broker...
[INFO] 11:25:43:833 Team/(20306:20312): Conexión con Broker establecida, apostemos cuánto dura...
[INFO] 11:32:53:577 Team/(20306:20321): Intentando Conexión a Broker...
[ERROR] 11:32:58:578 Team/(20306:20321): Intento de conexión fallido, intentando de nuevo en 5 segundo/s.
[INFO] 11:32:58:578 Team/(20306:20321): Intentando Conexión a Broker...
[ERROR] 11:33:03:579 Team/(20306:20321): Intento de conexión fallido, intentando de nuevo en 5 segundo/s.
[INFO] 11:33:03:579 Team/(20306:20321): Intentando Conexión a Broker...
[ERROR] 11:33:08:580 Team/(20306:20321): Intento de conexión fallido, intentando de nuevo en 5 segundo/s.
[INFO] 11:33:08:581 Team/(20306:20321): Intentando Conexión a Broker...
[ERROR] 11:33:13:582 Team/(20306:20321): Intento de conexión fallido, intentando de nuevo en 5 segundo/s.
[INFO] 11:33:13:583 Team/(20306:20321): Intentando Conexión a Broker...
[ERROR] 11:33:18:584 Team/(20306:20321): Intento de conexión fallido, intentando de nuevo en 5 segundo/s.
[INFO] 11:33:18:584 Team/(20306:20321): Intentando Conexión a Broker...
[ERROR] 11:33:23:584 Team/(20306:20321): Intento de conexión fallido, intentando de nuevo en 5 segundo/s.
[INFO] 11:33:23:584 Team/(20306:20321): Intentando Conexión a Broker...
[ERROR] 11:33:28:585 Team/(20306:20321): Intento de conexión fallido, intentando de nuevo en 5 segundo/s.
[INFO] 11:33:28:585 Team/(20306:20321): Intentando Conexión a Broker...
[ERROR] 11:33:33:585 Team/(20306:20321): Intento de conexión fallido, intentando de nuevo en 5 segundo/s.
[INFO] 11:33:33:586 Team/(20306:20321): Intentando Conexión a Broker...
[ERROR] 11:33:38:587 Team/(20306:20321): Intento de conexión fallido, intentando de nuevo en 5 segundo/s.
[INFO] 11:33:38:587 Team/(20306:20321): Intentando Conexión a Broker...
[ERROR] 11:33:43:588 Team/(20306:20321): Intento de conexión fallido, intentando de nuevo en 5 segundo/s.
[INFO] 11:33:43:588 Team/(20306:20321): Intentando Conexión a Broker...
[ERROR] 11:33:48:589 Team/(20306:20321): Intento de conexión fallido, intentando de nuevo en 5 segundo/s.
[INFO] 11:33:48:590 Team/(20306:20321): Intentando Conexión a Broker...
[ERROR] 11:33:53:590 Team/(20306:20321): Intento de conexión fallido, intentando de nuevo en 5 segundo/s.
[INFO] 11:33:53:590 Team/(20306:20321): Intentando Conexión a Broker...
[ERROR] 11:33:58:591 Team/(20306:20321): Intento de conexión fallido, intentando de nuevo en 5 segundo/s.
[INFO] 11:33:58:591 Team/(20306:20321): Intentando Conexión a Broker...
[ERROR] 11:34:03:592 Team/(20306:20321): Intento de conexión fallido, intentando de nuevo en 5 segundo/s.
[INFO] 11:34:03:592 Team/(20306:20321): Intentando Conexión a Broker...
[ERROR] 11:34:08:592 Team/(20306:20321): Intento de conexión fallido, intentando de nuevo en 5 segundo/s.
[INFO] 11:34:08:593 Team/(20306:20321): Intentando Conexión a Broker...
[ERROR] 11:34:13:593 Team/(20306:20321): Intento de conexión fallido, intentando de nuevo en 5 segundo/s.
[INFO] 11:34:13:593 Team/(20306:20321): Intentando Conexión a Broker...
[ERROR] 11:34:18:606 Team/(20306:20321): Intento de conexión fallido, intentando de nuevo en 5 segundo/s.
[INFO] 11:34:18:606 Team/(20306:20321): Intentando Conexión a Broker...
[ERROR] 11:34:23:607 Team/(20306:20321): Intento de conexión fallido, intentando de nuevo en 5 segundo/s.
[INFO] 11:34:23:607 Team/(20306:20321): Intentando Conexión a Broker...
[ERROR] 11:34:28:608 Team/(20306:20321): Intento de conexión fallido, intentando de nuevo en 5 segundo/s.
[INFO] 11:34:28:608 Team/(20306:20321): Intentando Conexión a Broker...
[ERROR] 11:34:33:609 Team/(20306:20321): Intento de conexión fallido, intentando de nuevo en 5 segundo/s.
[INFO] 11:34:33:609 Team/(20306:20321): Intentando Conexión a Broker...
[ERROR] 11:34:38:610 Team/(20306:20321): Intento de conexión fallido, intentando de nuevo en 5 segundo/s.
[INFO] 11:34:38:611 Team/(20306:20321): Intentando Conexión a Broker...
[ERROR] 11:34:43:611 Team/(20306:20321): Intento de conexión fallido, intentando de nuevo en 5 segundo/s.
[INFO] 11:34:43:612 Team/(20306:20321): Intentando Conexión a Broker...
[ERROR] 11:34:48:612 Team/(20306:20321): Intento de conexión fallido, intentando de nuevo en 5 segundo/s.
[INFO] 11:34:48:613 Team/(20306:20321): Intentando Conexión a Broker...
[ERROR] 11:34:53:614 Team/(20306:20321): Intento de conexión fallido, intentando de nuevo en 5 segundo/s.
[INFO] 11:34:53:615 Team/(20306:20321): Intentando Conexión a Broker...
[ERROR] 11:34:58:615 Team/(20306:20321): Intento de conexión fallido, intentando de nuevo en 5 segundo/s.
[INFO] 11:34:58:616 Team/(20306:20321): Intentando Conexión a Broker...
[ERROR] 11:35:03:617 Team/(20306:20321): Intento de conexión fallido, intentando de nuevo en 5 segundo/s.
[INFO] 11:35:03:618 Team/(20306:20321): Intentando Conexión a Broker...
[ERROR] 11:35:08:619 Team/(20306:20321): Intento de conexión fallido, intentando de nuevo en 5 segundo/s.
[INFO] 11:35:08:619 Team/(20306:20321): Intentando Conexión a Broker...
[ERROR] 11:35:13:620 Team/(20306:20321): Intento de conexión fallido, intentando de nuevo en 5 segundo/s.
[INFO] 11:35:13:620 Team/(20306:20321): Intentando Conexión a Broker...
[ERROR] 11:35:18:621 Team/(20306:20321): Intento de conexión fallido, intentando de nuevo en 5 segundo/s.
[INFO] 11:35:18:621 Team/(20306:20321): Intentando Conexión a Broker...
[ERROR] 11:35:23:622 Team/(20306:20321): Intento de conexión fallido, intentando de nuevo en 5 segundo/s.
[INFO] 11:35:23:623 Team/(20306:20321): Intentando Conexión a Broker...
[ERROR] 11:35:28:624 Team/(20306:20321): Intento de conexión fallido, intentando de nuevo en 5 segundo/s.
[INFO] 11:35:28:624 Team/(20306:20321): Intentando Conexión a Broker...
[ERROR] 11:35:33:625 Team/(20306:20321): Intento de conexión fallido, intentando de nuevo en 5 segundo/s.
[INFO] 11:35:33:626 Team/(20306:20321): Intentando Conexión a Broker...
[ERROR] 11:35:38:626 Team/(20306:20321): Intento de conexión fallido, intentando de nuevo en 5 segundo/s.
[INFO] 11:35:38:626 Team/(20306:20321): Intentando Conexión a Broker...
[ERROR] 11:35:43:626 Team/(20306:20321): Intento de conexión fallido, intentando de nuevo en 5 segundo/s.
[INFO] 11:35:43:627 Team/(20306:20321): Intentando Conexión a Broker...
[ERROR] 11:35:48:628 Team/(20306:20321): Intento de conexión fallido, intentando de nuevo en 5 segundo/s.
[INFO] 11:35:48:628 Team/(20306:20321): Intentando Conexión a Broker...
[ERROR] 11:35:53:628 Team/(20306:20321): Intento de conexión fallido, intentando de nuevo en 5 segundo/s.
[INFO] 11:35:53:629 Team/(20306:20321): Intentando Conexión a Broker...
[ERROR] 11:35:58:629 Team/(20306:20321): Intento de conexión fallido, intentando de nuevo en 5 segundo/s.
[INFO] 11:35:58:630 Team/(20306:20321): Intentando Conexión a Broker...
[ERROR] 11:36:03:630 Team/(20306:20321): Intento de conexión fallido, intentando de nuevo en 5 segundo/s.
[INFO] 11:36:03:631 Team/(20306:20321): Intentando Conexión a Broker...
[ERROR] 11:36:08:631 Team/(20306:20321): Intento de conexión fallido, intentando de nuevo en 5 segundo/s.
[INFO] 11:36:08:631 Team/(20306:20321): Intentando Conexión a Broker...
[ERROR] 11:36:13:632 Team/(20306:20321): Intento de conexión fallido, intentando de nuevo en 5 segundo/s.
[INFO] 11:36:13:633 Team/(20306:20321): Intentando Conexión a Broker...
[ERROR] 11:36:18:633 Team/(20306:20321): Intento de conexión fallido, intentando de nuevo en 5 segundo/s.
[INFO] 11:36:18:634 Team/(20306:20321): Intentando Conexión a Broker...
[ERROR] 11:36:23:634 Team/(20306:20321): Intento de conexión fallido, intentando de nuevo en 5 segundo/s.
[INFO] 11:36:23:634 Team/(20306:20321): Intentando Conexión a Broker...
[ERROR] 11:36:28:635 Team/(20306:20321): Intento de conexión fallido, intentando de nuevo en 5 segundo/s.
[INFO] 11:36:28:636 Team/(20306:20321): Intentando Conexión a Broker...
[ERROR] 11:36:33:637 Team/(20306:20321): Intento de conexión fallido, intentando de nuevo en 5 segundo/s.
[INFO] 11:36:33:637 Team/(20306:20321): Intentando Conexión a Broker...
[ERROR] 11:36:38:637 Team/(20306:20321): Intento de conexión fallido, intentando de nuevo en 5 segundo/s.
[INFO] 11:36:38:638 Team/(20306:20321): Intentando Conexión a Broker...
[ERROR] 11:36:43:639 Team/(20306:20321): Intento de conexión fallido, intentando de nuevo en 5 segundo/s.
[INFO] 11:36:43:639 Team/(20306:20321): Intentando Conexión a Broker...
[ERROR] 11:36:48:640 Team/(20306:20321): Intento de conexión fallido, intentando de nuevo en 5 segundo/s.
[INFO] 11:36:48:640 Team/(20306:20321): Intentando Conexión a Broker...
[ERROR] 11:36:53:641 Team/(20306:20321): Intento de conexión fallido, intentando de nuevo en 5 segundo/s.
[INFO] 11:36:53:641 Team/(20306:20321): Intentando Conexión a Broker...
[ERROR] 11:36:58:642 Team/(20306:20321): Intento de conexión fallido, intentando de nuevo en 5 segundo/s.
[INFO] 11:36:58:642 Team/(20306:20321): Intentando Conexión a Broker...
[ERROR] 11:37:03:643 Team/(20306:20321): Intento de conexión fallido, intentando de nuevo en 5 segundo/s.
[INFO] 11:37:03:644 Team/(20306:20321): Intentando Conexión a Broker...
[ERROR] 11:37:08:644 Team/(20306:20321): Intento de conexión fallido, intentando de nuevo en 5 segundo/s.
[INFO] 11:37:08:644 Team/(20306:20321): Intentando Conexión a Broker...
[ERROR] 11:37:13:645 Team/(20306:20321): Intento de conexión fallido, intentando de nuevo en 5 segundo/s.
[INFO] 11:37:13:645 Team/(20306:20321): Intentando Conexión a Broker...
[ERROR] 11:37:18:646 Team/(20306:20321): Intento de conexión fallido, intentando de nuevo en 5 segundo/s.
[INFO] 11:37:18:647 Team/(20306:20321): Intentando Conexión a Broker...
[ERROR] 11:37:23:647 Team/(20306:20321): Intento de conexión fallido, intentando de nuevo en 5 segundo/s.
[INFO] 11:37:23:647 Team/(20306:20321): Intentando Conexión a Broker...
[ERROR] 11:37:28:648 Team/(20306:20321): Intento de conexión fallido, intentando de nuevo en 5 segundo/s.
[INFO] 11:37:28:648 Team/(20306:20321): Intentando Conexión a Broker...
[ERROR] 11:37:33:648 Team/(20306:20321): Intento de conexión fallido, intentando de nuevo en 5 segundo/s.
[INFO] 11:37:33:649 Team/(20306:20321): Intentando Conexión a Broker...
[ERROR] 11:37:38:649 Team/(20306:20321): Intento de conexión fallido, intentando de nuevo en 5 segundo/s.
[INFO] 11:37:38:649 Team/(20306:20321): Intentando Conexión a Broker...
[ERROR] 11:37:43:650 Team/(20306:20321): Intento de conexión fallido, intentando de nuevo en 5 segundo/s.
[INFO] 11:37:43:650 Team/(20306:20321): Intentando Conexión a Broker...
[ERROR] 11:37:48:651 Team/(20306:20321): Intento de conexión fallido, intentando de nuevo en 5 segundo/s.
[INFO] 11:37:48:651 Team/(20306:20321): Intentando Conexión a Broker...
[ERROR] 11:37:53:651 Team/(20306:20321): Intento de conexión fallido, intentando de nuevo en 5 segundo/s.
[INFO] 11:37:53:652 Team/(20306:20321): Intentando Conexión a Broker...
[ERROR] 11:37:58:652 Team/(20306:20321): Intento de conexión fallido, intentando de nuevo en 5 segundo/s.
[INFO] 11:37:58:653 Team/(20306:20321): Intentando Conexión a Broker...
[ERROR] 11:38:03:654 Team/(20306:20321): Intento de conexión fallido, intentando de nuevo en 5 segundo/s.
[INFO] 11:38:03:655 Team/(20306:20321): Intentando Conexión a Broker...
[ERROR] 11:38:08:655 Team/(20306:20321): Intento de conexión fallido, intentando de nuevo en 5 segundo/s.
[INFO] 11:38:08:655 Team/(20306:20321): Intentando Conexión a Broker...
[ERROR] 11:38:13:656 Team/(20306:20321): Intento de conexión fallido, intentando de nuevo en 5 segundo/s.
[INFO] 11:38:13:656 Team/(20306:20321): Intentando Conexión a Broker...
[ERROR] 11:38:18:659 Team/(20306:20321): Intento de conexión fallido, intentando de nuevo en 5 segundo/s.
[INFO] 11:38:18:660 Team/(20306:20321): Intentando Conexión a Broker...
[ERROR] 11:38:23:660 Team/(20306:20321): Intento de conexión fallido, intentando de nuevo en 5 segundo/s.
[INFO] 11:38:23:661 Team/(20306:20321): Intentando Conexión a Broker...
