[INFO] 10:11:17:666 Team/(16356:16364): Intentando Conexión a Broker...
[INFO] 10:11:47:670 Team/(16356:16364): Conexión con Broker establecida, apostemos cuánto dura...
[INFO] 10:11:47:670 Team/(16356:16364): Intentando Conexión a Broker...
[INFO] 10:14:23:675 Team/(16675:16685): Conexión a Broker fallida, Se inicia operación por default: Asumir que no existen los Pokemones objetivo.
[INFO] 10:14:23:675 Team/(16675:16683): Intentando Conexión a Broker...
[INFO] 10:15:45:138 Team/(16767:16775): Intentando Conexión a Broker...
[INFO] 10:19:14:498 Team/(16844:16852): Intentando Conexión a Broker...
[INFO] 12:36:54:890 Team/(32613:32621): Intentando Conexión a Broker...
[INFO] 12:36:55:891 Team/(32613:32621): Conexión con Broker establecida, apostemos cuánto dura...
[INFO] 12:36:55:892 Team/(32613:32621): Intentando Conexión a Broker...
[INFO] 12:36:56:892 Team/(32613:32621): Conexión con Broker establecida, apostemos cuánto dura...
[INFO] 12:36:56:893 Team/(32613:32621): Intentando Conexión a Broker...
[INFO] 12:36:57:894 Team/(32613:32621): Conexión con Broker establecida, apostemos cuánto dura...
[INFO] 12:36:58:899 Team/(32613:32653): LLego un mensaje Localized, datos:
Nombre:Espeon
Cantidad Posiciones: 0
ID: 27
ID Correlativa: 26.
[INFO] 12:55:45:561 Team/(1697:1705): Intentando Conexión a Broker...
[INFO] 12:55:46:562 Team/(1697:1705): Conexión con Broker establecida, apostemos cuánto dura...
[INFO] 12:55:46:563 Team/(1697:1705): Intentando Conexión a Broker...
[INFO] 12:55:47:564 Team/(1697:1705): Conexión con Broker establecida, apostemos cuánto dura...
[INFO] 12:55:47:564 Team/(1697:1705): Intentando Conexión a Broker...
[ERROR] 12:55:48:565 Team/(1697:1705): Intento de conexión fallido, intentando de nuevo en 30 segundo/s.
[INFO] 12:55:48:565 Team/(1697:1705): Intentando Conexión a Broker...
[ERROR] 12:55:49:565 Team/(1697:1705): Intento de conexión fallido, intentando de nuevo en 30 segundo/s.
[INFO] 12:55:49:565 Team/(1697:1705): Intentando Conexión a Broker...
[ERROR] 12:55:50:566 Team/(1697:1705): Intento de conexión fallido, intentando de nuevo en 30 segundo/s.
[INFO] 12:55:50:566 Team/(1697:1705): Intentando Conexión a Broker...
[ERROR] 12:55:51:567 Team/(1697:1705): Intento de conexión fallido, intentando de nuevo en 30 segundo/s.
[INFO] 12:55:51:567 Team/(1697:1705): Intentando Conexión a Broker...
[ERROR] 12:55:52:567 Team/(1697:1705): Intento de conexión fallido, intentando de nuevo en 30 segundo/s.
[INFO] 12:55:52:567 Team/(1697:1705): Intentando Conexión a Broker...
[INFO] 13:03:57:719 Team/(2091:2099): Intentando Conexión a Broker...
[INFO] 13:03:58:720 Team/(2091:2099): Conexión con Broker establecida, apostemos cuánto dura...
[INFO] 13:03:58:721 Team/(2091:2099): Intentando Conexión a Broker...
[INFO] 13:03:59:721 Team/(2091:2099): Conexión con Broker establecida, apostemos cuánto dura...
[INFO] 13:03:59:721 Team/(2091:2099): Intentando Conexión a Broker...
[INFO] 13:04:00:722 Team/(2091:2099): Conexión con Broker establecida, apostemos cuánto dura...
[INFO] 13:04:09:175 Team/(2091:2132): LLego un mensaje Appeared, datos:
Nombre:Pikachu
Pos X: 9
Pos Y: 9
ID: 1
ID Correlativa: 0.
[INFO] 13:04:11:177 Team/(2091:2132): LLego un mensaje Appeared, datos:
Nombre:Squirtle
Pos X: 5
Pos Y: 2
ID: 3
ID Correlativa: 2.
[INFO] 13:04:13:178 Team/(2091:2132): LLego un mensaje Appeared, datos:
Nombre:Jolteon
Pos X: 2
Pos Y: 2
ID: 5
ID Correlativa: 4.
[INFO] 13:04:15:179 Team/(2091:2132): LLego un mensaje Appeared, datos:
Nombre:Flareon
Pos X: 4
Pos Y: 6
ID: 7
ID Correlativa: 6.
[INFO] 13:04:15:179 Team/(2091:2092): El entrenador numero [1] cambia al estado READY
[INFO] 13:04:15:180 Team/(2091:2092): El entrenador numero [1] cambia al estado EXEC
[INFO] 13:04:15:180 Team/(2091:2092): MOVIMIENTO | Entrenador numero [1] comienza a moverse a la posicion 2,2
[INFO] 13:04:17:180 Team/(2091:2092): MOVIMIENTO | Entrenador numero [1] terminó de moverse a la posicion 2,2
[INFO] 13:04:17:180 Team/(2091:2092): El entrenador [1] está intentando atrapar un Jolteon!! en las coordenadas [2,2].
[INFO] 13:04:17:180 Team/(2091:2093): El entrenador numero [2] cambia al estado READY
[INFO] 13:04:21:84 Team/(2091:2092): LLego un mensaje IDMENSAJE, datos:
ID del mensaje guardado en Broker:36.
[INFO] 13:04:21:84 Team/(2091:2092): El entrenador numero [1] cambia al estado BLOCKED
[INFO] 13:04:21:84 Team/(2091:2093): El entrenador numero [2] cambia al estado EXEC
[INFO] 13:04:21:84 Team/(2091:2093): MOVIMIENTO | Entrenador numero [2] comienza a moverse a la posicion 4,6
[INFO] 13:04:25:85 Team/(2091:2093): El entrenador numero [2] cambia al estado READY
[INFO] 13:04:25:86 Team/(2091:2093): El entrenador numero [2] cambia al estado EXEC
[INFO] 13:04:29:86 Team/(2091:2093): El entrenador numero [2] cambia al estado READY
[INFO] 13:04:29:86 Team/(2091:2093): El entrenador numero [2] cambia al estado EXEC
[INFO] 13:04:31:87 Team/(2091:2093): MOVIMIENTO | Entrenador numero [2] terminó de moverse a la posicion 4,6
[INFO] 13:04:31:87 Team/(2091:2093): El entrenador [2] está intentando atrapar un Flareon!! en las coordenadas [4,6].
[INFO] 13:04:38:934 Team/(2091:2093): LLego un mensaje IDMENSAJE, datos:
ID del mensaje guardado en Broker:38.
[INFO] 13:04:38:934 Team/(2091:2093): El entrenador numero [2] cambia al estado BLOCKED
[INFO] 13:04:56:29 Team/(2091:2134): LLego un mensaje Caught, datos:
Nombre:aca no hay nada papu
Intento de atrapar: 1
ID: 37
ID Correlativa: 36.
[INFO] 13:05:29:652 Team/(2091:2134): Intentando Conexión a Broker...
[INFO] 13:13:18:6 Team/(3101:3109): Intentando Conexión a Broker...
[INFO] 13:13:19:7 Team/(3101:3109): Conexión con Broker establecida, apostemos cuánto dura...
[INFO] 13:13:19:7 Team/(3101:3109): Intentando Conexión a Broker...
[INFO] 13:13:20:8 Team/(3101:3109): Conexión con Broker establecida, apostemos cuánto dura...
[INFO] 13:13:20:8 Team/(3101:3109): Intentando Conexión a Broker...
[INFO] 13:13:21:9 Team/(3101:3109): Conexión con Broker establecida, apostemos cuánto dura...
[INFO] 13:13:22:15 Team/(3101:3138): LLego un mensaje Appeared, datos:
Nombre:Pikachu
Pos X: 9
Pos Y: 9
ID: 1
ID Correlativa: 0.
[INFO] 13:13:24:17 Team/(3101:3138): LLego un mensaje Appeared, datos:
Nombre:Squirtle
Pos X: 5
Pos Y: 2
ID: 3
ID Correlativa: 2.
[INFO] 13:13:26:18 Team/(3101:3138): LLego un mensaje Appeared, datos:
Nombre:Jolteon
Pos X: 2
Pos Y: 2
ID: 5
ID Correlativa: 4.
[INFO] 13:13:28:19 Team/(3101:3138): LLego un mensaje Appeared, datos:
Nombre:Flareon
Pos X: 4
Pos Y: 6
ID: 7
ID Correlativa: 6.
[INFO] 13:13:28:19 Team/(3101:3102): El entrenador numero [1] cambia al estado READY
[INFO] 13:13:28:19 Team/(3101:3102): El entrenador numero [1] cambia al estado EXEC
[INFO] 13:13:28:19 Team/(3101:3102): MOVIMIENTO | Entrenador numero [1] comienza a moverse a la posicion 2,2
[INFO] 13:13:29:20 Team/(3101:3102): MOVIMIENTO | Entrenador numero [1] terminó de moverse a la posicion 2,2
[INFO] 13:13:29:20 Team/(3101:3102): El entrenador [1] está intentando atrapar un Jolteon!! en las coordenadas [2,2].
[INFO] 13:13:30:21 Team/(3101:3103): El entrenador numero [2] cambia al estado READY
[INFO] 13:14:02:801 Team/(3101:3140): LLego un mensaje Caught, datos:
Nombre:aca no hay nada papu
Intento de atrapar: 1
ID: 25
ID Correlativa: 24.
[INFO] 13:15:08:267 Team/(3101:3140): Intentando Conexión a Broker...
[INFO] 13:15:08:271 Team/(3101:3102): LLego un mensaje IDMENSAJE, datos:
ID del mensaje guardado en Broker:-1304428456.
[INFO] 13:15:08:271 Team/(3101:3102): El entrenador numero [1] cambia al estado BLOCKED
[INFO] 13:15:08:271 Team/(3101:3103): El entrenador numero [2] cambia al estado EXEC
[INFO] 13:15:08:271 Team/(3101:3103): MOVIMIENTO | Entrenador numero [2] comienza a moverse a la posicion 4,6
[INFO] 13:15:10:272 Team/(3101:3103): El entrenador numero [2] cambia al estado READY
[INFO] 13:15:10:272 Team/(3101:3103): El entrenador numero [2] cambia al estado EXEC
[INFO] 13:22:12:13 Team/(3584:3593): Intentando Conexión a Broker...
[INFO] 13:22:13:13 Team/(3584:3593): Conexión con Broker establecida, apostemos cuánto dura...
[INFO] 13:22:13:14 Team/(3584:3593): Intentando Conexión a Broker...
[INFO] 13:22:14:15 Team/(3584:3593): Conexión con Broker establecida, apostemos cuánto dura...
[INFO] 13:22:14:15 Team/(3584:3593): Intentando Conexión a Broker...
[INFO] 13:22:15:16 Team/(3584:3593): Conexión con Broker establecida, apostemos cuánto dura...
[INFO] 13:22:16:21 Team/(3584:3623): LLego un mensaje Appeared, datos:
Nombre:Pikachu
Pos X: 9
Pos Y: 9
ID: 1
ID Correlativa: 0.
[INFO] 13:22:18:23 Team/(3584:3623): LLego un mensaje Appeared, datos:
Nombre:Squirtle
Pos X: 5
Pos Y: 2
ID: 3
ID Correlativa: 2.
[INFO] 13:22:20:25 Team/(3584:3623): LLego un mensaje Appeared, datos:
Nombre:Jolteon
Pos X: 2
Pos Y: 2
ID: 5
ID Correlativa: 4.
[INFO] 13:22:22:27 Team/(3584:3623): LLego un mensaje Appeared, datos:
Nombre:Flareon
Pos X: 4
Pos Y: 6
ID: 7
ID Correlativa: 6.
[INFO] 13:22:22:28 Team/(3584:3585): El entrenador numero [1] cambia al estado READY
[INFO] 13:22:22:28 Team/(3584:3585): El entrenador numero [1] cambia al estado EXEC
[INFO] 13:22:22:28 Team/(3584:3585): MOVIMIENTO | Entrenador numero [1] comienza a moverse a la posicion 2,2
[INFO] 13:22:23:28 Team/(3584:3585): MOVIMIENTO | Entrenador numero [1] terminó de moverse a la posicion 2,2
[INFO] 13:22:23:28 Team/(3584:3585): El entrenador [1] está intentando atrapar un Jolteon!! en las coordenadas [2,2].
[INFO] 13:22:24:28 Team/(3584:3586): El entrenador numero [2] cambia al estado READY
[INFO] 13:27:26:886 Team/(3584:3624): LLego un mensaje Localized, datos:
Nombre:Jolteon
Cantidad Posiciones: 1
ID: 29
ID Correlativa: 28.
[INFO] 13:27:28:887 Team/(3584:3624): LLego un mensaje Localized, datos:
Nombre:Flareon
Cantidad Posiciones: 1
ID: 31
ID Correlativa: 30.
[INFO] 13:27:28:887 Team/(3584:3589): El entrenador numero [4] cambia al estado READY
[INFO] 13:27:30:888 Team/(3584:3624): LLego un mensaje Localized, datos:
Nombre:Umbreon
Cantidad Posiciones: 0
ID: 33
ID Correlativa: 32.
[INFO] 13:27:30:888 Team/(3584:3590): El entrenador numero [5] cambia al estado READY
[INFO] 13:27:32:889 Team/(3584:3624): LLego un mensaje Localized, datos:
Nombre:Espeon
Cantidad Posiciones: 0
ID: 35
ID Correlativa: 34.
[INFO] 13:27:34:895 Team/(3584:3624): LLego un mensaje Localized, datos:
Nombre:Pikachu
Cantidad Posiciones: 1
ID: 9
ID Correlativa: 8.
[INFO] 13:27:36:896 Team/(3584:3624): LLego un mensaje Localized, datos:
Nombre:Onix
Cantidad Posiciones: 0
ID: 17
ID Correlativa: 16.
[INFO] 13:27:38:898 Team/(3584:3624): LLego un mensaje Localized, datos:
Nombre:Gengar
Cantidad Posiciones: 0
ID: 15
ID Correlativa: 14.
