[INFO] 16:08:41:505 Team/(9088:9114): LLego un mensaje Appeared, datos:
Nombre:Bul
Pos X: 2
Pos Y: 2
ID: 0
ID Correlativa: 55.
[INFO] 16:08:54:302 Team/(9088:9114): LLego un mensaje Appeared, datos:
Nombre:Bulbasaur
Pos X: 3
Pos Y: 5
ID: 1
ID Correlativa: 77.
[INFO] 16:17:24:622 Team/(9251:9297): LLego un mensaje Appeared, datos:
Nombre:Bulbasaur
Pos X: 3
Pos Y: 5
ID: 0
ID Correlativa: 77.
[INFO] 16:29:17:601 Team/(9724:9768): LLego un mensaje Appeared, datos:
Nombre:Bulbasaur
Pos X: 3
Pos Y: 5
ID: 0
ID Correlativa: 77.
[INFO] 16:48:33:0 Team/(10339:10370): LLego un mensaje Appeared, datos:
Nombre:Bulbasaur
Pos X: 3
Pos Y: 5
ID: 0
ID Correlativa: 77.
[INFO] 16:49:35:231 Team/(10444:10464): LLego un mensaje Appeared, datos:
Nombre:Bulbasaur
Pos X: 3
Pos Y: 5
ID: 0
ID Correlativa: 77.
[INFO] 16:57:46:578 Team/(10660:10703): LLego un mensaje Appeared, datos:
Nombre:Bulbasaur
Pos X: 3
Pos Y: 5
ID: 0
ID Correlativa: 77.
[INFO] 17:02:32:962 Team/(10891:10936): LLego un mensaje Appeared, datos:
Nombre:Bulbasaur
Pos X: 3
Pos Y: 5
ID: 0
ID Correlativa: 77.
[INFO] 17:24:37:418 Team/(11783:11809): LLego un mensaje Appeared, datos:
Nombre:Bulbasaur
Pos X: 3
Pos Y: 5
ID: 1
ID Correlativa: 7.
[INFO] 17:36:43:70 Team/(12204:12225): LLego un mensaje Appeared, datos:
Nombre:Bulbasaur
Pos X: 3
Pos Y: 5
ID: 0
ID Correlativa: 7.
[INFO] 17:50:20:207 Team/(12569:12620): LLego un mensaje Appeared, datos:
Nombre:Bulbasaur
Pos X: 3
Pos Y: 5
ID: 0
ID Correlativa: 7.
[INFO] 17:57:05:894 Team/(12985:13005): LLego un mensaje Appeared, datos:
Nombre:Bulbasaur
Pos X: 3
Pos Y: 5
ID: 0
ID Correlativa: 7.
[INFO] 17:58:02:807 Team/(13096:13116): LLego un mensaje Appeared, datos:
Nombre:Bulbasaur
Pos X: 3
Pos Y: 5
ID: 0
ID Correlativa: 7.
[INFO] 18:00:12:211 Team/(13226:13252): LLego un mensaje Appeared, datos:
Nombre:Bulbasaur
Pos X: 3
Pos Y: 5
ID: 0
ID Correlativa: 7.
[INFO] 18:10:09:247 Team/(13532:13552): LLego un mensaje Appeared, datos:
Nombre:Bulbasaur
Pos X: 3
Pos Y: 5
ID: 0
ID Correlativa: 7.
[INFO] 18:12:02:754 Team/(13733:13758): LLego un mensaje Appeared, datos:
Nombre:Bulbasaur
Pos X: 3
Pos Y: 5
ID: 0
ID Correlativa: 7.
[INFO] 18:19:38:118 Team/(14161:14184): LLego un mensaje Appeared, datos:
Nombre:Bulbasaur
Pos X: 3
Pos Y: 5
ID: 0
ID Correlativa: 7.
[INFO] 18:20:55:548 Team/(14251:14271): LLego un mensaje Appeared, datos:
Nombre:Bulbasaur
Pos X: 3
Pos Y: 5
ID: 0
ID Correlativa: 7.
[INFO] 18:28:20:263 Team/(14459:14480): LLego un mensaje Appeared, datos:
Nombre:Bulbasaur
Pos X: 3
Pos Y: 5
ID: 0
ID Correlativa: 7.
[INFO] 18:38:08:82 Team/(14734:14754): LLego un mensaje Appeared, datos:
Nombre:Bulbasaur
Pos X: 3
Pos Y: 5
ID: 0
ID Correlativa: 7.
[INFO] 18:43:53:826 Team/(14940:14959): LLego un mensaje Appeared, datos:
Nombre:Bulbasaur
Pos X: 3
Pos Y: 5
ID: 0
ID Correlativa: 7.
[INFO] 19:10:03:354 Team/(16056:16093): LLego un mensaje Appeared, datos:
Nombre:Bulbasaur
Pos X: 3
Pos Y: 5
ID: 0
ID Correlativa: 7.
[INFO] 19:13:29:742 Team/(16256:16279): LLego un mensaje Appeared, datos:
Nombre:Bulbasaur
Pos X: 3
Pos Y: 5
ID: 0
ID Correlativa: 7.
[INFO] 19:21:35:418 Team/(16527:16550): LLego un mensaje Appeared, datos:
Nombre:Bulbasaur
Pos X: 3
Pos Y: 5
ID: 0
ID Correlativa: 7.
[INFO] 19:27:48:701 Team/(16748:16794): LLego un mensaje Appeared, datos:
Nombre:Bulbasaur
Pos X: 3
Pos Y: 5
ID: 0
ID Correlativa: 7.
[INFO] 19:41:21:756 Team/(17136:17157): LLego un mensaje Appeared, datos:
Nombre:Bulbasaur
Pos X: 3
Pos Y: 5
ID: 0
ID Correlativa: 7.
[INFO] 20:00:24:770 Team/(17620:17649): LLego un mensaje Appeared, datos:
Nombre:Bulbasaur
Pos X: 3
Pos Y: 5
ID: 0
ID Correlativa: 7.
[INFO] 20:05:02:640 Team/(17815:17837): LLego un mensaje Appeared, datos:
Nombre:Bulbasaur
Pos X: 3
Pos Y: 5
ID: 0
ID Correlativa: 7.
[INFO] 20:07:49:714 Team/(18001:18025): LLego un mensaje Appeared, datos:
Nombre:Bulbasaur
Pos X: 3
Pos Y: 5
ID: 0
ID Correlativa: 7.
[INFO] 20:11:44:774 Team/(18180:18217): LLego un mensaje Appeared, datos:
Nombre:Bulbasaur
Pos X: 3
Pos Y: 5
ID: 0
ID Correlativa: 7.
[INFO] 20:21:06:205 Team/(18467:18489): LLego un mensaje Appeared, datos:
Nombre:Bulbasaur
Pos X: 3
Pos Y: 5
ID: 0
ID Correlativa: 7.
[INFO] 20:21:48:357 Team/(18573:18596): LLego un mensaje Appeared, datos:
Nombre:Bulbasaur
Pos X: 3
Pos Y: 5
ID: 0
ID Correlativa: 7.
[INFO] 20:25:14:22 Team/(18573:18596): LLego un mensaje Appeared, datos:
Nombre:Bul
Pos X: 2
Pos Y: 2
ID: 1
ID Correlativa: 55.
[INFO] 22:48:15:343 Team/(20931:21103): LLego un mensaje Appeared, datos:
Nombre:Bulbasaur
Pos X: 3
Pos Y: 5
ID: 0
ID Correlativa: 7.
[INFO] 22:48:19:939 Team/(20931:21051): El entrenador numero [2] cambia al estado READY
[INFO] 22:52:31:295 Team/(20931:21051): El entrenador numero [2] cambia al estado EXEC
[INFO] 22:52:31:296 Team/(20931:21051): MOVIMIENTO | Entrenador numero [2] comienza a moverse a la posicion 3,5
[INFO] 22:52:45:530 Team/(20931:21051): MOVIMIENTO | Entrenador numero [2] terminó de moverse a la posicion 3,5
[INFO] 22:52:45:530 Team/(20931:21051): El entrenador numero [2] cambia al estado BLOCKED
[INFO] 23:08:19:98 Team/(21478:21496): LLego un mensaje Appeared, datos:
Nombre:Bulbasaur
Pos X: 3
Pos Y: 5
ID: 0
ID Correlativa: 7.
[INFO] 23:08:20:100 Team/(21478:21484): El entrenador numero [2] cambia al estado READY
[INFO] 23:08:20:110 Team/(21478:21484): El entrenador numero [2] cambia al estado EXEC
[INFO] 23:08:20:110 Team/(21478:21484): MOVIMIENTO | Entrenador numero [2] comienza a moverse a la posicion 3,5
[INFO] 23:08:24:110 Team/(21478:21484): MOVIMIENTO | Entrenador numero [2] terminó de moverse a la posicion 3,5
[INFO] 23:08:24:111 Team/(21478:21484): El entrenador numero [2] cambia al estado BLOCKED
[INFO] 00:31:12:574 Team/(23669:23797): LLego un mensaje Caught, datos:
Nombre:Default
Intento de atrapar: 1
ID: 0
ID Correlativa: 77.
[INFO] 00:33:07:162 Team/(23669:23797): LLego un mensaje Caught, datos:
Nombre:Default
Intento de atrapar: 1
ID: 0
ID Correlativa: 77.
[INFO] 00:34:10:475 Team/(23959:23981): LLego un mensaje Caught, datos:
Nombre:Default
Intento de atrapar: 1
ID: 0
ID Correlativa: 77.
[INFO] 00:43:02:951 Team/(24190:24211): LLego un mensaje Appeared, datos:
Nombre:Bulbasaur
Pos X: 3
Pos Y: 5
ID: 0
ID Correlativa: 7.
[INFO] 00:43:09:944 Team/(24190:24200): El entrenador numero [2] cambia al estado READY
[INFO] 00:43:17:810 Team/(24190:24200): El entrenador numero [2] cambia al estado EXEC
[INFO] 00:44:05:623 Team/(24190:24200): MOVIMIENTO | Entrenador numero [2] comienza a moverse a la posicion 3,5
[INFO] 00:44:16:998 Team/(24190:24200): MOVIMIENTO | Entrenador numero [2] terminó de moverse a la posicion 3,5
[INFO] 19:34:48:546 Team/(5724:5744): LLego un mensaje Appeared, datos:
Nombre:Pikachu
Pos X: 3
Pos Y: 5
ID: 0
ID Correlativa: -2.
[INFO] 19:35:28:563 Team/(5724:5739): El entrenador numero [2] cambia al estado READY
[INFO] 19:35:34:346 Team/(5724:5739): El entrenador numero [2] cambia al estado EXEC
[INFO] 19:35:34:346 Team/(5724:5739): MOVIMIENTO | Entrenador numero [2] comienza a moverse a la posicion 3,5
[INFO] 19:35:40:507 Team/(5724:5739): MOVIMIENTO | Entrenador numero [2] terminó de moverse a la posicion 3,5
[INFO] 19:45:29:851 Team/(6117:6146): LLego un mensaje Caught, datos:
Nombre:Default
Intento de atrapar: 1
ID: 3
ID Correlativa: 77.
[INFO] 19:46:12:773 Team/(6117:6146): LLego un mensaje Caught, datos:
Nombre:Default
Intento de atrapar: 1
ID: 4
ID Correlativa: 7.
[INFO] 19:47:48:235 Team/(6221:6247): LLego un mensaje Caught, datos:
Nombre:Default
Intento de atrapar: 1
ID: 0
ID Correlativa: 7.
[INFO] 19:54:07:271 Team/(6504:6561): LLego un mensaje Localized, datos:
Nombre:Pikachu
Cantidad Posiciones: 6
ID: 1
ID Correlativa: 0.
[INFO] 20:00:49:331 Team/(7135:7163): LLego un mensaje Localized, datos:
Nombre:Pikachu
Cantidad Posiciones: 6
ID: 2
ID Correlativa: 0.
[INFO] 20:00:52:296 Team/(7135:7146): El entrenador numero [2] cambia al estado READY
[INFO] 20:00:52:310 Team/(7135:7146): El entrenador numero [2] cambia al estado EXEC
[INFO] 20:00:52:310 Team/(7135:7146): MOVIMIENTO | Entrenador numero [2] comienza a moverse a la posicion 1,15
[INFO] 21:07:22:436 Team/(8726:8743): LLego un mensaje Localized, datos:
Nombre:Pikachu
Cantidad Posiciones: 1
ID: 4
ID Correlativa: 2.
[INFO] 21:07:23:447 Team/(8726:8733): El entrenador numero [3] cambia al estado READY
[INFO] 21:07:23:461 Team/(8726:8733): El entrenador numero [3] cambia al estado EXEC
[INFO] 21:07:23:461 Team/(8726:8733): MOVIMIENTO | Entrenador numero [3] comienza a moverse a la posicion 11,-1279260784
[INFO] 21:10:35:546 Team/(8810:8827): LLego un mensaje Localized, datos:
Nombre:Pikachu
Cantidad Posiciones: 1
ID: 2
ID Correlativa: 0.
[INFO] 21:10:36:554 Team/(8810:8817): El entrenador numero [3] cambia al estado READY
[INFO] 21:10:36:556 Team/(8810:8817): El entrenador numero [3] cambia al estado EXEC
[INFO] 21:10:36:556 Team/(8810:8817): MOVIMIENTO | Entrenador numero [3] comienza a moverse a la posicion 11,-1280309360
[INFO] 22:16:28:973 Team/(10592:10592): El entrenador numero [1] cambia al estado EXIT
[INFO] 22:16:28:973 Team/(10592:10592): El entrenador numero [2] cambia al estado EXIT
[INFO] 22:16:28:973 Team/(10592:10592): El entrenador numero [3] cambia al estado EXIT
[INFO] 22:16:29:11 Team/(10592:10592): DEADLOCK | No existe deadlock en el sistema
[INFO] 22:16:29:11 Team/(10592:10592): La cantidad de ciclos totales de CPU es: 0
[INFO] 22:17:58:575 Team/(10672:10672): El entrenador numero [1] cambia al estado EXIT
[INFO] 22:17:58:576 Team/(10672:10672): El entrenador numero [2] cambia al estado BLOCKED
[INFO] 22:17:58:576 Team/(10672:10672): El entrenador numero [3] cambia al estado BLOCKED
[INFO] 22:17:58:611 Team/(10672:10672): DEADLOCK | Iniciando deteccion y recuperacion de deadlock
[INFO] 22:17:58:611 Team/(10672:10672): El entrenador numero [2] cambia al estado READY
[INFO] 22:17:58:612 Team/(10672:10672): El entrenador numero [2] cambia al estado EXEC
[INFO] 22:17:58:612 Team/(10672:10672): MOVIMIENTO | Entrenador numero [2] comienza a moverse a la posicion 3,2
[INFO] 22:18:08:618 Team/(10672:10672): MOVIMIENTO | Entrenador numero [2] terminó de moverse a la posicion 3,2
[INFO] 22:18:18:618 Team/(10672:10672): INTERCAMBIO | Entrenador [2] entrega pokemon Charmander, entrenador [3] entrega pokemon Bulbasaur
[INFO] 22:18:18:619 Team/(10672:10672): El entrenador numero [2] cambia al estado BLOCKED
[INFO] 22:18:18:619 Team/(10672:10672): DEADLOCK | Cantidad de ciclos totales resueltos: 1
[INFO] 22:18:18:619 Team/(10672:10672): DEADLOCK | Todo el deadlock fue resuelto correctamente
[INFO] 22:18:18:619 Team/(10672:10672): El entrenador numero [2] cambia al estado EXIT
[INFO] 22:18:18:619 Team/(10672:10672): El entrenador numero [3] cambia al estado EXIT
[INFO] 22:18:18:619 Team/(10672:10672): La cantidad de ciclos totales de CPU es: 10
[INFO] 22:24:47:696 Team/(10760:10779): LLego un mensaje Appeared, datos:
Nombre:Bulbasaur
Pos X: 3
Pos Y: 5
ID: 0
ID Correlativa: -2.
[INFO] 22:24:48:698 Team/(10760:10774): El entrenador numero [2] cambia al estado READY
[INFO] 22:24:48:709 Team/(10760:10774): El entrenador numero [2] cambia al estado EXEC
[INFO] 22:24:48:709 Team/(10760:10774): MOVIMIENTO | Entrenador numero [2] comienza a moverse a la posicion 3,5
[INFO] 22:24:52:710 Team/(10760:10774): MOVIMIENTO | Entrenador numero [2] terminó de moverse a la posicion 3,5
[INFO] 22:28:05:881 Team/(10760:10792): LLego un mensaje Caught, datos:
Nombre:Default
Intento de atrapar: 1
ID: 1
ID Correlativa: 0.
[INFO] 22:33:22:63 Team/(11061:11076): LLego un mensaje Appeared, datos:
Nombre:Bulbasaur
Pos X: 3
Pos Y: 5
ID: 0
ID Correlativa: -2.
[INFO] 22:33:23:64 Team/(11061:11071): El entrenador numero [2] cambia al estado READY
[INFO] 22:33:23:70 Team/(11061:11071): El entrenador numero [2] cambia al estado EXEC
[INFO] 22:33:23:70 Team/(11061:11071): MOVIMIENTO | Entrenador numero [2] comienza a moverse a la posicion 3,5
[INFO] 22:33:27:71 Team/(11061:11071): MOVIMIENTO | Entrenador numero [2] terminó de moverse a la posicion 3,5
[INFO] 22:36:44:511 Team/(11195:11216): LLego un mensaje Appeared, datos:
Nombre:Bulbasaur
Pos X: 3
Pos Y: 5
ID: 0
ID Correlativa: -2.
[INFO] 22:36:45:526 Team/(11195:11211): El entrenador numero [2] cambia al estado READY
[INFO] 22:36:45:528 Team/(11195:11211): El entrenador numero [2] cambia al estado EXEC
[INFO] 22:36:45:528 Team/(11195:11211): MOVIMIENTO | Entrenador numero [2] comienza a moverse a la posicion 3,5
[INFO] 22:36:49:529 Team/(11195:11211): MOVIMIENTO | Entrenador numero [2] terminó de moverse a la posicion 3,5
[INFO] 22:37:35:467 Team/(11274:11288): LLego un mensaje Appeared, datos:
Nombre:Bulbasaur
Pos X: 3
Pos Y: 5
ID: 0
ID Correlativa: -2.
[INFO] 22:37:36:478 Team/(11274:11283): El entrenador numero [2] cambia al estado READY
[INFO] 22:37:36:490 Team/(11274:11283): El entrenador numero [2] cambia al estado EXEC
[INFO] 22:37:36:490 Team/(11274:11283): MOVIMIENTO | Entrenador numero [2] comienza a moverse a la posicion 3,5
[INFO] 22:37:40:492 Team/(11274:11283): MOVIMIENTO | Entrenador numero [2] terminó de moverse a la posicion 3,5
[INFO] 22:40:52:136 Team/(11382:11397): LLego un mensaje Appeared, datos:
Nombre:Bulbasaur
Pos X: 3
Pos Y: 5
ID: 0
ID Correlativa: -2.
[INFO] 22:40:53:139 Team/(11382:11392): El entrenador numero [2] cambia al estado READY
[INFO] 22:40:53:147 Team/(11382:11392): El entrenador numero [2] cambia al estado EXEC
[INFO] 22:40:53:148 Team/(11382:11392): MOVIMIENTO | Entrenador numero [2] comienza a moverse a la posicion 3,5
[INFO] 22:40:57:150 Team/(11382:11392): MOVIMIENTO | Entrenador numero [2] terminó de moverse a la posicion 3,5
[INFO] 22:45:23:23 Team/(11582:11596): LLego un mensaje Appeared, datos:
Nombre:Bulbasaur
Pos X: 3
Pos Y: 5
ID: 0
ID Correlativa: -2.
[INFO] 22:45:49:536 Team/(11582:11591): El entrenador numero [2] cambia al estado READY
[INFO] 22:46:05:610 Team/(11582:11591): El entrenador numero [2] cambia al estado EXEC
[INFO] 22:46:05:611 Team/(11582:11591): MOVIMIENTO | Entrenador numero [2] comienza a moverse a la posicion 3,5
[INFO] 22:46:10:478 Team/(11582:11591): MOVIMIENTO | Entrenador numero [2] terminó de moverse a la posicion 3,5
[INFO] 22:48:36:285 Team/(11815:11829): LLego un mensaje Appeared, datos:
Nombre:Bulbasaur
Pos X: 3
Pos Y: 5
ID: 0
ID Correlativa: -2.
[INFO] 22:48:37:286 Team/(11815:11824): El entrenador numero [2] cambia al estado READY
[INFO] 22:48:40:578 Team/(11815:11824): El entrenador numero [2] cambia al estado EXEC
[INFO] 22:48:40:579 Team/(11815:11824): MOVIMIENTO | Entrenador numero [2] comienza a moverse a la posicion 3,5
[INFO] 22:48:44:580 Team/(11815:11824): MOVIMIENTO | Entrenador numero [2] terminó de moverse a la posicion 3,5
[INFO] 00:00:41:737 Team/(13405:13420): LLego un mensaje Appeared, datos:
Nombre:Bulbasaur
Pos X: 3
Pos Y: 5
ID: 0
ID Correlativa: -2.
[INFO] 00:01:03:569 Team/(13405:13415): El entrenador numero [2] cambia al estado READY
[INFO] 00:01:09:54 Team/(13405:13415): El entrenador numero [2] cambia al estado EXEC
[INFO] 00:01:09:54 Team/(13405:13415): MOVIMIENTO | Entrenador numero [2] comienza a moverse a la posicion 3,5
[INFO] 00:01:13:822 Team/(13405:13415): MOVIMIENTO | Entrenador numero [2] terminó de moverse a la posicion 3,5
[INFO] 00:27:33:340 Team/(14403:14414): LLego un mensaje Appeared, datos:
Nombre:Bulbasaur
Pos X: 3
Pos Y: 5
ID: 0
ID Correlativa: -2.
[INFO] 00:27:34:341 Team/(14403:14409): El entrenador numero [2] cambia al estado READY
[INFO] 00:27:34:342 Team/(14403:14409): El entrenador numero [2] cambia al estado EXEC
[INFO] 00:27:34:342 Team/(14403:14409): MOVIMIENTO | Entrenador numero [2] comienza a moverse a la posicion 3,5
[INFO] 00:27:38:343 Team/(14403:14409): MOVIMIENTO | Entrenador numero [2] terminó de moverse a la posicion 3,5
[INFO] 00:27:38:343 Team/(14403:14409): El entrenador numero [2] cambia al estado BLOCKED
[INFO] 00:29:02:453 Team/(14481:14499): LLego un mensaje Appeared, datos:
Nombre:Bulbasaur
Pos X: 3
Pos Y: 5
ID: 0
ID Correlativa: -2.
[INFO] 00:29:42:476 Team/(14481:14494): El entrenador numero [2] cambia al estado READY
[INFO] 00:29:48:170 Team/(14481:14494): El entrenador numero [2] cambia al estado EXEC
[INFO] 00:29:48:170 Team/(14481:14494): MOVIMIENTO | Entrenador numero [2] comienza a moverse a la posicion 3,5
[INFO] 00:29:53:370 Team/(14481:14494): MOVIMIENTO | Entrenador numero [2] terminó de moverse a la posicion 3,5
[INFO] 00:29:59:483 Team/(14481:14494): LLego un mensaje IDMENSAJE, datos:
ID del mensaje guardado en Broker:3.
[INFO] 00:29:59:483 Team/(14481:14494): El entrenador numero [2] cambia al estado BLOCKED
[INFO] 00:31:41:784 Team/(14675:14689): LLego un mensaje Appeared, datos:
Nombre:Bulbasaur
Pos X: 3
Pos Y: 5
ID: 0
ID Correlativa: -2.
[INFO] 00:31:42:785 Team/(14675:14684): El entrenador numero [2] cambia al estado READY
[INFO] 00:31:46:472 Team/(14675:14684): El entrenador numero [2] cambia al estado EXEC
[INFO] 00:31:46:472 Team/(14675:14684): MOVIMIENTO | Entrenador numero [2] comienza a moverse a la posicion 3,5
[INFO] 00:31:50:473 Team/(14675:14684): MOVIMIENTO | Entrenador numero [2] terminó de moverse a la posicion 3,5
[INFO] 00:31:50:473 Team/(14675:14684): El entrenador numero [2] cambia al estado BLOCKED
[INFO] 00:43:02:749 Team/(14997:15012): LLego un mensaje Appeared, datos:
Nombre:Bulbasaur
Pos X: 3
Pos Y: 5
ID: 0
ID Correlativa: -2.
[INFO] 00:43:03:749 Team/(14997:15007): El entrenador numero [2] cambia al estado READY
[INFO] 00:43:03:754 Team/(14997:15007): El entrenador numero [2] cambia al estado EXEC
[INFO] 00:43:03:755 Team/(14997:15007): MOVIMIENTO | Entrenador numero [2] comienza a moverse a la posicion 3,5
[INFO] 00:43:07:756 Team/(14997:15007): MOVIMIENTO | Entrenador numero [2] terminó de moverse a la posicion 3,5
[INFO] 00:47:10:884 Team/(15150:15166): LLego un mensaje Appeared, datos:
Nombre:Bulbasaur
Pos X: 3
Pos Y: 5
ID: 0
ID Correlativa: -2.
[INFO] 00:47:11:887 Team/(15150:15161): El entrenador numero [2] cambia al estado READY
[INFO] 00:47:11:891 Team/(15150:15161): El entrenador numero [2] cambia al estado EXEC
[INFO] 00:47:11:891 Team/(15150:15161): MOVIMIENTO | Entrenador numero [2] comienza a moverse a la posicion 3,5
[INFO] 00:47:15:893 Team/(15150:15161): MOVIMIENTO | Entrenador numero [2] terminó de moverse a la posicion 3,5
[INFO] 00:47:41:834 Team/(15150:15161): El entrenador numero [2] cambia al estado BLOCKED
[INFO] 00:49:10:184 Team/(15150:15166): LLego un mensaje Appeared, datos:
Nombre:Pikachu
Pos X: 3
Pos Y: 5
ID: 0
ID Correlativa: -2.
[INFO] 00:49:11:185 Team/(15150:15162): El entrenador numero [3] cambia al estado READY
[INFO] 00:49:11:194 Team/(15150:15162): El entrenador numero [3] cambia al estado EXEC
[INFO] 00:49:11:194 Team/(15150:15162): MOVIMIENTO | Entrenador numero [3] comienza a moverse a la posicion 3,5
[INFO] 00:49:17:196 Team/(15150:15162): MOVIMIENTO | Entrenador numero [3] terminó de moverse a la posicion 3,5
[INFO] 00:49:23:670 Team/(15150:15162): El entrenador numero [3] cambia al estado BLOCKED
[INFO] 00:49:58:55 Team/(15150:15166): LLego un mensaje Appeared, datos:
Nombre:Charmander
Pos X: 20
Pos Y: 20
ID: 0
ID Correlativa: -2.
[INFO] 00:49:59:55 Team/(15150:15160): El entrenador numero [1] cambia al estado READY
[INFO] 00:49:59:56 Team/(15150:15160): El entrenador numero [1] cambia al estado EXEC
[INFO] 00:49:59:56 Team/(15150:15160): MOVIMIENTO | Entrenador numero [1] comienza a moverse a la posicion 20,20
[INFO] 00:51:13:78 Team/(15150:15160): MOVIMIENTO | Entrenador numero [1] terminó de moverse a la posicion 20,20
[INFO] 00:51:13:78 Team/(15150:15160): El entrenador numero [1] cambia al estado BLOCKED
[INFO] 00:54:46:597 Team/(15318:15328): LLego un mensaje Appeared, datos:
Nombre:Bulbasaur
Pos X: 3
Pos Y: 5
ID: 0
ID Correlativa: -2.
[INFO] 00:54:47:598 Team/(15318:15324): El entrenador numero [1] cambia al estado READY
[INFO] 00:54:47:598 Team/(15318:15324): El entrenador numero [1] cambia al estado EXEC
[INFO] 00:54:47:598 Team/(15318:15324): MOVIMIENTO | Entrenador numero [1] comienza a moverse a la posicion 3,5
[INFO] 00:54:57:601 Team/(15318:15324): MOVIMIENTO | Entrenador numero [1] terminó de moverse a la posicion 3,5
[INFO] 00:54:57:601 Team/(15318:15324): El entrenador numero [1] cambia al estado BLOCKED
[INFO] 00:54:57:604 Team/(15318:15324): El entrenador numero [1] cambia al estado EXIT
[INFO] 00:56:31:831 Team/(15389:15401): LLego un mensaje Appeared, datos:
Nombre:Bulbasaur
Pos X: 3
Pos Y: 5
ID: 0
ID Correlativa: -2.
[INFO] 00:56:32:832 Team/(15389:15397): El entrenador numero [1] cambia al estado READY
[INFO] 00:56:38:809 Team/(15389:15397): El entrenador numero [1] cambia al estado EXEC
[INFO] 00:56:38:809 Team/(15389:15397): MOVIMIENTO | Entrenador numero [1] comienza a moverse a la posicion 3,5
[INFO] 00:57:10:388 Team/(15389:15397): MOVIMIENTO | Entrenador numero [1] terminó de moverse a la posicion 3,5
[INFO] 00:57:10:388 Team/(15389:15397): El entrenador numero [1] cambia al estado BLOCKED
[INFO] 00:57:10:388 Team/(15389:15397): El entrenador numero [1] cambia al estado EXIT
[INFO] 01:01:05:937 Team/(15523:15542): LLego un mensaje Appeared, datos:
Nombre:Bulbasaur
Pos X: 3
Pos Y: 5
ID: 0
ID Correlativa: -2.
[INFO] 01:01:06:938 Team/(15523:15538): El entrenador numero [1] cambia al estado READY
[INFO] 01:01:17:685 Team/(15523:15538): El entrenador numero [1] cambia al estado EXEC
[INFO] 01:01:17:685 Team/(15523:15538): MOVIMIENTO | Entrenador numero [1] comienza a moverse a la posicion 3,5
[INFO] 01:01:40:12 Team/(15523:15538): MOVIMIENTO | Entrenador numero [1] terminó de moverse a la posicion 3,5
[INFO] 01:01:40:12 Team/(15523:15538): El entrenador numero [1] cambia al estado BLOCKED
[INFO] 01:01:40:12 Team/(15523:15538): El entrenador numero [1] cambia al estado EXIT
[INFO] 01:02:23:196 Team/(15620:15632): LLego un mensaje Appeared, datos:
Nombre:Bulbasaur
Pos X: 3
Pos Y: 5
ID: 0
ID Correlativa: -2.
[INFO] 01:02:25:611 Team/(15620:15628): El entrenador numero [1] cambia al estado READY
[INFO] 01:02:27:193 Team/(15620:15628): El entrenador numero [1] cambia al estado EXEC
[INFO] 01:02:27:193 Team/(15620:15628): MOVIMIENTO | Entrenador numero [1] comienza a moverse a la posicion 3,5
[INFO] 01:02:38:459 Team/(15620:15628): MOVIMIENTO | Entrenador numero [1] terminó de moverse a la posicion 3,5
[INFO] 01:02:38:459 Team/(15620:15628): El entrenador numero [1] cambia al estado BLOCKED
[INFO] 01:02:38:461 Team/(15620:15628): El entrenador numero [1] cambia al estado EXIT
[INFO] 01:13:20:473 Team/(15897:15909): LLego un mensaje Appeared, datos:
Nombre:Bulbasaur
Pos X: 3
Pos Y: 5
ID: 0
ID Correlativa: -2.
[INFO] 01:13:21:502 Team/(15897:15905): El entrenador numero [1] cambia al estado READY
[INFO] 01:13:26:614 Team/(15897:15905): El entrenador numero [1] cambia al estado EXEC
[INFO] 01:13:26:615 Team/(15897:15905): MOVIMIENTO | Entrenador numero [1] comienza a moverse a la posicion 3,5
[INFO] 01:13:36:618 Team/(15897:15905): MOVIMIENTO | Entrenador numero [1] terminó de moverse a la posicion 3,5
[INFO] 01:13:36:618 Team/(15897:15905): El entrenador [0] está intentando atrapar un Bulbasaur!! en las coordenadas [3,5].
[INFO] 01:13:36:618 Team/(15897:15905): El entrenador numero [1] cambia al estado BLOCKED
[INFO] 01:13:36:622 Team/(15897:15905): El entrenador numero [1] cambia al estado EXIT
[INFO] 01:13:36:627 Team/(15897:15897): DEADLOCK | No existe deadlock en el sistema
[INFO] 01:13:36:627 Team/(15897:15897): La cantidad de ciclos totales de CPU es: 5
[INFO] 20:49:38:399 Team/(13286:13299): LLego un mensaje Appeared, datos:
Nombre:Bulbasaur
Pos X: 10
Pos Y: 10
ID: 0
ID Correlativa: -2.
[INFO] 20:50:39:171 Team/(13374:13387): LLego un mensaje Appeared, datos:
Nombre:Bulbasaur
Pos X: 10
Pos Y: 10
ID: 0
ID Correlativa: -2.
[INFO] 20:50:40:177 Team/(13374:13383): El entrenador numero [1] cambia al estado READY
[INFO] 20:50:40:177 Team/(13374:13383): El entrenador numero [1] cambia al estado EXEC
[INFO] 20:50:40:177 Team/(13374:13383): MOVIMIENTO | Entrenador numero [1] comienza a moverse a la posicion 10,10
[INFO] 20:51:14:184 Team/(13374:13383): MOVIMIENTO | Entrenador numero [1] terminó de moverse a la posicion 10,10
[INFO] 20:51:14:184 Team/(13374:13383): El entrenador [1] está intentando atrapar un Bulbasaur!! en las coordenadas [10,10].
[INFO] 20:51:14:184 Team/(13374:13383): Conexión a Broker fallida, Se inicia operación por default: Asumir que el Entrenador logró atrapar al Pokemon.
[INFO] 20:51:14:184 Team/(13374:13383): El entrenador numero [1] cambia al estado BLOCKED
[INFO] 20:51:14:186 Team/(13374:13383): El entrenador numero [1] cambia al estado EXIT
[INFO] 20:51:14:199 Team/(13374:13374): DEADLOCK | No existe deadlock en el sistema
[INFO] 20:51:14:200 Team/(13374:13374): La cantidad de ciclos totales de CPU es: 18
[INFO] 20:51:14:200 Team/(13374:13374): El entrenador numero [1] realizo [18] ciclos de CPU
[INFO] 22:20:27:536 Team/(7124:7134): LLego un mensaje Appeared, datos:
Nombre:Bulbasaur
Pos X: 3
Pos Y: 5
ID: 0
ID Correlativa: -2.
[INFO] 22:20:28:551 Team/(7124:7130): El entrenador numero [1] cambia al estado READY
[INFO] 22:20:28:562 Team/(7124:7130): El entrenador numero [1] cambia al estado EXEC
[INFO] 22:20:28:562 Team/(7124:7130): MOVIMIENTO | Entrenador numero [1] comienza a moverse a la posicion 3,5
[INFO] 22:20:38:566 Team/(7124:7130): MOVIMIENTO | Entrenador numero [1] terminó de moverse a la posicion 3,5
[INFO] 22:20:38:566 Team/(7124:7130): El entrenador [1] está intentando atrapar un Bulbasaur!! en las coordenadas [3,5].
[INFO] 22:20:40:580 Team/(7124:7130): LLego un mensaje IDMENSAJE, datos:
ID del mensaje guardado en Broker:1.
[INFO] 22:20:40:580 Team/(7124:7130): El entrenador numero [1] cambia al estado BLOCKED
[INFO] 22:21:28:345 Team/(7124:7141): LLego un mensaje Caught, datos:
Nombre:Default
Intento de atrapar: 1
ID: 2
ID Correlativa: 77.
[INFO] 22:22:45:421 Team/(7124:7141): LLego un mensaje Caught, datos:
Nombre:Default
Intento de atrapar: 1
ID: 2
ID Correlativa: 77.
[INFO] 22:22:46:421 Team/(7124:7141): LLego un mensaje Caught, datos:
Nombre:Default
Intento de atrapar: 1
ID: 3
ID Correlativa: 0.
[INFO] 22:23:18:420 Team/(7124:7141): LLego un mensaje Caught, datos:
Nombre:Default
Intento de atrapar: 1
ID: 2
ID Correlativa: 77.
[INFO] 22:23:19:422 Team/(7124:7141): LLego un mensaje Caught, datos:
Nombre:Default
Intento de atrapar: 1
ID: 3
ID Correlativa: 0.
[INFO] 22:23:20:424 Team/(7124:7141): LLego un mensaje Caught, datos:
Nombre:Default
Intento de atrapar: 1
ID: 4
ID Correlativa: 1.
[INFO] 22:23:59:831 Team/(7124:7141): LLego un mensaje Caught, datos:
Nombre:Default
Intento de atrapar: 1
ID: 4
ID Correlativa: 1.
[INFO] 22:24:00:832 Team/(7124:7141): LLego un mensaje Caught, datos:
Nombre:Default
Intento de atrapar: 1
ID: 5
ID Correlativa: 555.
[INFO] 22:25:47:212 Team/(7381:7391): LLego un mensaje Appeared, datos:
Nombre:Bulbasaur
Pos X: 3
Pos Y: 5
ID: 0
ID Correlativa: -2.
[INFO] 22:25:48:214 Team/(7381:7387): El entrenador numero [1] cambia al estado READY
[INFO] 22:25:48:226 Team/(7381:7387): El entrenador numero [1] cambia al estado EXEC
[INFO] 22:25:48:226 Team/(7381:7387): MOVIMIENTO | Entrenador numero [1] comienza a moverse a la posicion 3,5
[INFO] 22:25:58:234 Team/(7381:7387): MOVIMIENTO | Entrenador numero [1] terminó de moverse a la posicion 3,5
[INFO] 22:25:58:234 Team/(7381:7387): El entrenador [1] está intentando atrapar un Bulbasaur!! en las coordenadas [3,5].
[INFO] 22:26:00:245 Team/(7381:7387): LLego un mensaje IDMENSAJE, datos:
ID del mensaje guardado en Broker:1.
[INFO] 22:26:00:245 Team/(7381:7387): El entrenador numero [1] cambia al estado BLOCKED
[INFO] 22:26:10:815 Team/(7381:7398): LLego un mensaje Caught, datos:
Nombre:Default
Intento de atrapar: 1
ID: 2
ID Correlativa: 0.
[INFO] 22:26:22:250 Team/(7381:7398): LLego un mensaje Caught, datos:
Nombre:Default
Intento de atrapar: 1
ID: 2
ID Correlativa: 0.
[INFO] 22:27:09:198 Team/(7437:7447): LLego un mensaje Appeared, datos:
Nombre:Bulbasaur
Pos X: 3
Pos Y: 5
ID: 0
ID Correlativa: -2.
[INFO] 22:27:10:206 Team/(7437:7443): El entrenador numero [1] cambia al estado READY
[INFO] 22:27:10:221 Team/(7437:7443): El entrenador numero [1] cambia al estado EXEC
[INFO] 22:27:10:222 Team/(7437:7443): MOVIMIENTO | Entrenador numero [1] comienza a moverse a la posicion 3,5
[INFO] 22:27:20:225 Team/(7437:7443): MOVIMIENTO | Entrenador numero [1] terminó de moverse a la posicion 3,5
[INFO] 22:27:20:225 Team/(7437:7443): El entrenador [1] está intentando atrapar un Bulbasaur!! en las coordenadas [3,5].
[INFO] 22:27:22:232 Team/(7437:7443): LLego un mensaje IDMENSAJE, datos:
ID del mensaje guardado en Broker:1.
[INFO] 22:27:22:233 Team/(7437:7443): El entrenador numero [1] cambia al estado BLOCKED
[INFO] 22:27:55:577 Team/(7437:7454): LLego un mensaje Caught, datos:
Nombre:Default
Intento de atrapar: 1
ID: 2
ID Correlativa: 1.
[INFO] 22:27:56:582 Team/(7437:7443): El entrenador numero [1] cambia al estado EXIT
[INFO] 22:27:56:584 Team/(7437:7437): DEADLOCK | No existe deadlock en el sistema
[INFO] 22:27:56:585 Team/(7437:7437): La cantidad de ciclos totales de CPU es: 6
[INFO] 22:27:56:590 Team/(7437:7437): El entrenador numero [1] realizo [6] ciclos de CPU
[INFO] 22:27:56:590 Team/(7437:7437): La cantidad de cambios de contexto totales es: 4
[INFO] 22:28:28:572 Team/(7503:7520): LLego un mensaje Caught, datos:
Nombre:Default
Intento de atrapar: 1
ID: 2
ID Correlativa: 1.
[INFO] 22:28:51:276 Team/(7503:7513): LLego un mensaje Appeared, datos:
Nombre:Bulbasaur
Pos X: 2
Pos Y: 2
ID: 0
ID Correlativa: -2.
[INFO] 22:28:52:282 Team/(7503:7509): El entrenador numero [1] cambia al estado READY
[INFO] 22:28:52:284 Team/(7503:7509): El entrenador numero [1] cambia al estado EXEC
[INFO] 22:28:52:284 Team/(7503:7509): MOVIMIENTO | Entrenador numero [1] comienza a moverse a la posicion 2,2
[INFO] 22:28:54:285 Team/(7503:7509): MOVIMIENTO | Entrenador numero [1] terminó de moverse a la posicion 2,2
[INFO] 22:28:54:285 Team/(7503:7509): El entrenador [1] está intentando atrapar un Bulbasaur!! en las coordenadas [2,2].
[INFO] 22:28:56:291 Team/(7503:7509): LLego un mensaje IDMENSAJE, datos:
ID del mensaje guardado en Broker:4.
[INFO] 22:28:56:291 Team/(7503:7509): El entrenador numero [1] cambia al estado BLOCKED
[INFO] 22:32:59:971 Team/(7784:7789): LLego un mensaje Appeared, datos:
Nombre:Bulbasaur
Pos X: 10
Pos Y: 10
ID: 0
ID Correlativa: -2.
[INFO] 22:33:00:972 Team/(7784:7785): El entrenador numero [1] cambia al estado READY
[INFO] 22:33:00:974 Team/(7784:7785): El entrenador numero [1] cambia al estado EXEC
[INFO] 22:33:00:974 Team/(7784:7785): MOVIMIENTO | Entrenador numero [1] comienza a moverse a la posicion 10,10
[INFO] 22:33:34:983 Team/(7784:7785): MOVIMIENTO | Entrenador numero [1] terminó de moverse a la posicion 10,10
[INFO] 22:33:34:983 Team/(7784:7785): El entrenador [1] está intentando atrapar un Bulbasaur!! en las coordenadas [10,10].
[INFO] 22:33:37:11 Team/(7784:7785): LLego un mensaje IDMENSAJE, datos:
ID del mensaje guardado en Broker:1.
[INFO] 22:33:37:11 Team/(7784:7785): El entrenador numero [1] cambia al estado BLOCKED
[INFO] 22:34:36:226 Team/(7784:7796): LLego un mensaje Caught, datos:
Nombre:Default
Intento de atrapar: 1
ID: 2
ID Correlativa: 10.
[INFO] 22:35:10:156 Team/(7784:7796): LLego un mensaje Caught, datos:
Nombre:Default
Intento de atrapar: 1
ID: 3
ID Correlativa: 0.
[INFO] 22:35:54:544 Team/(7784:7796): LLego un mensaje Caught, datos:
Nombre:Default
Intento de atrapar: 1
ID: 4
ID Correlativa: 1.
[INFO] 22:36:40:736 Team/(7784:7796): LLego un mensaje Caught, datos:
Nombre:Default
Intento de atrapar: 1
ID: 5
ID Correlativa: 2.
[INFO] 00:41:06:134 Team/(10464:10470): Conexión a Broker fallida, Se inicia operación por default: Asumir que no existen los Pokemones objetivo.
[INFO] 00:41:06:134 Team/(10464:10468): Intentando Conexión a Broker...
[INFO] 00:42:01:79 Team/(10512:10525): Conexión a Broker fallida, Se inicia operación por default: Asumir que no existen los Pokemones objetivo.
[INFO] 00:42:07:223 Team/(10512:10523): Intentando Conexión a Broker...
[INFO] 00:45:08:851 Team/(10656:10667): Conexión a Broker fallida, Se inicia operación por default: Asumir que no existen los Pokemones objetivo.
[INFO] 00:45:08:851 Team/(10656:10665): Intentando Conexión a Broker...
[INFO] 00:45:49:842 Team/(10728:10738): Intentando Conexión a Broker...
[INFO] 00:45:49:842 Team/(10728:10740): Conexión a Broker fallida, Se inicia operación por default: Asumir que no existen los Pokemones objetivo.
[WARNING] 00:45:50:843 Team/(10728:10738): Intento de conexión fallido, intentando de nuevo en 1 segundos.
[INFO] 00:45:50:843 Team/(10728:10738): Intentando Conexión a Broker...
[WARNING] 00:45:51:844 Team/(10728:10738): Intento de conexión fallido, intentando de nuevo en 1 segundos.
[INFO] 00:45:51:844 Team/(10728:10738): Intentando Conexión a Broker...
[WARNING] 00:45:52:844 Team/(10728:10738): Intento de conexión fallido, intentando de nuevo en 1 segundos.
[INFO] 00:45:52:844 Team/(10728:10738): Intentando Conexión a Broker...
[WARNING] 00:45:53:845 Team/(10728:10738): Intento de conexión fallido, intentando de nuevo en 1 segundos.
[INFO] 00:45:53:845 Team/(10728:10738): Intentando Conexión a Broker...
[WARNING] 00:45:54:845 Team/(10728:10738): Intento de conexión fallido, intentando de nuevo en 1 segundos.
[INFO] 00:45:54:846 Team/(10728:10738): Intentando Conexión a Broker...
[WARNING] 00:45:55:846 Team/(10728:10738): Intento de conexión fallido, intentando de nuevo en 1 segundos.
[INFO] 00:45:55:846 Team/(10728:10738): Intentando Conexión a Broker...
[INFO] 00:46:13:606 Team/(10783:10792): Intentando Conexión a Broker...
[INFO] 00:46:13:606 Team/(10783:10794): Conexión a Broker fallida, Se inicia operación por default: Asumir que no existen los Pokemones objetivo.
[ERROR] 00:46:14:607 Team/(10783:10792): Intento de conexión fallido, intentando de nuevo en 1 segundos.
[INFO] 00:46:14:607 Team/(10783:10792): Intentando Conexión a Broker...
[ERROR] 00:46:15:608 Team/(10783:10792): Intento de conexión fallido, intentando de nuevo en 1 segundos.
[INFO] 00:46:15:608 Team/(10783:10792): Intentando Conexión a Broker...
[ERROR] 00:46:16:608 Team/(10783:10792): Intento de conexión fallido, intentando de nuevo en 1 segundos.
[INFO] 00:46:16:609 Team/(10783:10792): Intentando Conexión a Broker...
[ERROR] 00:46:17:610 Team/(10783:10792): Intento de conexión fallido, intentando de nuevo en 1 segundos.
[INFO] 00:46:17:610 Team/(10783:10792): Intentando Conexión a Broker...
[ERROR] 00:46:18:610 Team/(10783:10792): Intento de conexión fallido, intentando de nuevo en 1 segundos.
[INFO] 00:46:18:611 Team/(10783:10792): Intentando Conexión a Broker...
[ERROR] 00:46:19:611 Team/(10783:10792): Intento de conexión fallido, intentando de nuevo en 1 segundos.
[INFO] 00:46:19:611 Team/(10783:10792): Intentando Conexión a Broker...
[ERROR] 00:46:20:612 Team/(10783:10792): Intento de conexión fallido, intentando de nuevo en 1 segundos.
[INFO] 00:46:20:612 Team/(10783:10792): Intentando Conexión a Broker...
[INFO] 00:46:26:106 Team/(10796:10802): Conexión a Broker fallida, Se inicia operación por default: Asumir que no existen los Pokemones objetivo.
[INFO] 00:46:26:107 Team/(10796:10800): Intentando Conexión a Broker...
[ERROR] 00:46:27:108 Team/(10796:10800): Intento de conexión fallido, intentando de nuevo en 1 segundos.
[INFO] 00:46:27:108 Team/(10796:10800): Intentando Conexión a Broker...
[ERROR] 00:46:28:108 Team/(10796:10800): Intento de conexión fallido, intentando de nuevo en 1 segundos.
[INFO] 00:46:28:108 Team/(10796:10800): Intentando Conexión a Broker...
[ERROR] 00:46:29:109 Team/(10796:10800): Intento de conexión fallido, intentando de nuevo en 1 segundos.
[INFO] 00:46:29:109 Team/(10796:10800): Intentando Conexión a Broker...
[ERROR] 00:46:30:110 Team/(10796:10800): Intento de conexión fallido, intentando de nuevo en 1 segundos.
[INFO] 00:46:30:110 Team/(10796:10800): Intentando Conexión a Broker...
[ERROR] 00:46:31:111 Team/(10796:10800): Intento de conexión fallido, intentando de nuevo en 1 segundos.
[INFO] 00:46:31:111 Team/(10796:10800): Intentando Conexión a Broker...
[ERROR] 00:46:32:112 Team/(10796:10800): Intento de conexión fallido, intentando de nuevo en 1 segundos.
[INFO] 00:46:32:112 Team/(10796:10800): Intentando Conexión a Broker...
[ERROR] 00:46:33:112 Team/(10796:10800): Intento de conexión fallido, intentando de nuevo en 1 segundos.
[INFO] 00:46:33:113 Team/(10796:10800): Intentando Conexión a Broker...
[ERROR] 00:46:34:113 Team/(10796:10800): Intento de conexión fallido, intentando de nuevo en 1 segundos.
[INFO] 00:46:34:113 Team/(10796:10800): Intentando Conexión a Broker...
[ERROR] 00:46:35:114 Team/(10796:10800): Intento de conexión fallido, intentando de nuevo en 1 segundos.
[INFO] 00:46:35:114 Team/(10796:10800): Intentando Conexión a Broker...
[ERROR] 00:46:36:115 Team/(10796:10800): Intento de conexión fallido, intentando de nuevo en 1 segundos.
[INFO] 00:46:36:115 Team/(10796:10800): Intentando Conexión a Broker...
[ERROR] 00:46:37:115 Team/(10796:10800): Intento de conexión fallido, intentando de nuevo en 1 segundos.
[INFO] 00:46:37:115 Team/(10796:10800): Intentando Conexión a Broker...
[ERROR] 00:46:38:116 Team/(10796:10800): Intento de conexión fallido, intentando de nuevo en 1 segundos.
[INFO] 00:46:38:116 Team/(10796:10800): Intentando Conexión a Broker...
[ERROR] 00:46:39:117 Team/(10796:10800): Intento de conexión fallido, intentando de nuevo en 1 segundos.
[INFO] 00:46:39:117 Team/(10796:10800): Intentando Conexión a Broker...
[ERROR] 00:46:40:118 Team/(10796:10800): Intento de conexión fallido, intentando de nuevo en 1 segundos.
[INFO] 00:46:40:118 Team/(10796:10800): Intentando Conexión a Broker...
[ERROR] 00:46:41:118 Team/(10796:10800): Intento de conexión fallido, intentando de nuevo en 1 segundos.
[INFO] 00:46:41:119 Team/(10796:10800): Intentando Conexión a Broker...
[ERROR] 00:46:42:119 Team/(10796:10800): Intento de conexión fallido, intentando de nuevo en 1 segundos.
[INFO] 00:46:42:120 Team/(10796:10800): Intentando Conexión a Broker...
[ERROR] 00:46:43:120 Team/(10796:10800): Intento de conexión fallido, intentando de nuevo en 1 segundos.
[INFO] 00:46:43:120 Team/(10796:10800): Intentando Conexión a Broker...
[ERROR] 00:46:44:121 Team/(10796:10800): Intento de conexión fallido, intentando de nuevo en 1 segundos.
[INFO] 00:46:44:121 Team/(10796:10800): Intentando Conexión a Broker...
[ERROR] 00:46:45:122 Team/(10796:10800): Intento de conexión fallido, intentando de nuevo en 1 segundos.
[INFO] 00:46:45:122 Team/(10796:10800): Intentando Conexión a Broker...
[ERROR] 00:46:46:123 Team/(10796:10800): Intento de conexión fallido, intentando de nuevo en 1 segundos.
[INFO] 00:46:46:123 Team/(10796:10800): Intentando Conexión a Broker...
[ERROR] 00:46:47:123 Team/(10796:10800): Intento de conexión fallido, intentando de nuevo en 1 segundos.
[INFO] 00:46:47:124 Team/(10796:10800): Intentando Conexión a Broker...
[ERROR] 00:46:48:124 Team/(10796:10800): Intento de conexión fallido, intentando de nuevo en 1 segundos.
[INFO] 00:46:48:124 Team/(10796:10800): Intentando Conexión a Broker...
[ERROR] 00:46:49:125 Team/(10796:10800): Intento de conexión fallido, intentando de nuevo en 1 segundos.
[INFO] 00:46:49:125 Team/(10796:10800): Intentando Conexión a Broker...
[ERROR] 00:46:50:126 Team/(10796:10800): Intento de conexión fallido, intentando de nuevo en 1 segundos.
[INFO] 00:46:50:126 Team/(10796:10800): Intentando Conexión a Broker...
[ERROR] 00:46:51:126 Team/(10796:10800): Intento de conexión fallido, intentando de nuevo en 1 segundos.
[INFO] 00:46:51:127 Team/(10796:10800): Intentando Conexión a Broker...
[ERROR] 00:46:52:127 Team/(10796:10800): Intento de conexión fallido, intentando de nuevo en 1 segundos.
[INFO] 00:46:52:128 Team/(10796:10800): Intentando Conexión a Broker...
[INFO] 00:52:08:338 Team/(10953:10964): Intentando Conexión a Broker...
[INFO] 00:52:09:754 Team/(10953:10968): Conexión a Broker fallida, Se inicia operación por default: Asumir que no existen los Pokemones objetivo.
[ERROR] 00:52:13:402 Team/(10953:10964): Intento de conexión fallido, intentando de nuevo en 5 segundo/ss.
[INFO] 00:52:13:402 Team/(10953:10964): Intentando Conexión a Broker...
[ERROR] 00:52:19:235 Team/(10953:10964): Intento de conexión fallido, intentando de nuevo en 5 segundo/ss.
[INFO] 00:52:19:235 Team/(10953:10964): Intentando Conexión a Broker...
[ERROR] 00:52:25:91 Team/(10953:10964): Intento de conexión fallido, intentando de nuevo en 5 segundo/ss.
[INFO] 00:52:25:91 Team/(10953:10964): Intentando Conexión a Broker...
[ERROR] 00:52:31:342 Team/(10953:10964): Intento de conexión fallido, intentando de nuevo en 5 segundo/ss.
[INFO] 00:52:31:342 Team/(10953:10964): Intentando Conexión a Broker...
[ERROR] 00:52:36:343 Team/(10953:10964): Intento de conexión fallido, intentando de nuevo en 5 segundo/ss.
[INFO] 00:52:36:343 Team/(10953:10964): Intentando Conexión a Broker...
[ERROR] 00:52:41:343 Team/(10953:10964): Intento de conexión fallido, intentando de nuevo en 5 segundo/ss.
[INFO] 00:52:41:344 Team/(10953:10964): Intentando Conexión a Broker...
[ERROR] 00:52:46:345 Team/(10953:10964): Intento de conexión fallido, intentando de nuevo en 5 segundo/ss.
[INFO] 00:52:46:345 Team/(10953:10964): Intentando Conexión a Broker...
[ERROR] 00:52:51:346 Team/(10953:10964): Intento de conexión fallido, intentando de nuevo en 5 segundo/ss.
[INFO] 00:52:51:346 Team/(10953:10964): Intentando Conexión a Broker...
[ERROR] 00:52:56:347 Team/(10953:10964): Intento de conexión fallido, intentando de nuevo en 5 segundo/ss.
[INFO] 00:52:56:347 Team/(10953:10964): Intentando Conexión a Broker...
[INFO] 00:53:01:348 Team/(10953:10964): Conexión con Broker establecida, apostemos cuánto dura...
[INFO] 00:53:01:348 Team/(10953:10964): Intentando Conexión a Broker...
[INFO] 00:53:06:349 Team/(10953:10964): Conexión con Broker establecida, apostemos cuánto dura...
[INFO] 00:53:06:350 Team/(10953:10964): Intentando Conexión a Broker...
[INFO] 00:53:11:351 Team/(10953:10964): Conexión con Broker establecida, apostemos cuánto dura...
[INFO] 00:53:51:532 Team/(10953:11006): LLego un mensaje Caught, datos:
Nombre:Default
Intento de atrapar: 1
ID: 0
ID Correlativa: 7.
[INFO] 00:54:59:593 Team/(10953:11006): LLego un mensaje Caught, datos:
Nombre:Default
Intento de atrapar: 1
ID: 1
ID Correlativa: 8.
[INFO] 00:56:58:190 Team/(11121:11133): Intentando Conexión a Broker...
[INFO] 00:57:03:192 Team/(11121:11133): Conexión con Broker establecida, apostemos cuánto dura...
[INFO] 00:57:03:192 Team/(11121:11133): Intentando Conexión a Broker...
[INFO] 00:57:08:193 Team/(11121:11133): Conexión con Broker establecida, apostemos cuánto dura...
[INFO] 00:57:08:194 Team/(11121:11133): Intentando Conexión a Broker...
[INFO] 00:57:13:194 Team/(11121:11133): Conexión con Broker establecida, apostemos cuánto dura...
[INFO] 00:57:34:812 Team/(11121:11151): Intentando Conexión a Broker...
[ERROR] 00:57:39:816 Team/(11121:11151): Intento de conexión fallido, intentando de nuevo en 5 segundo/ss.
[INFO] 00:57:39:816 Team/(11121:11151): Intentando Conexión a Broker...
[ERROR] 00:57:44:816 Team/(11121:11151): Intento de conexión fallido, intentando de nuevo en 5 segundo/ss.
[INFO] 00:57:44:817 Team/(11121:11151): Intentando Conexión a Broker...
[ERROR] 00:57:49:817 Team/(11121:11151): Intento de conexión fallido, intentando de nuevo en 5 segundo/ss.
[INFO] 00:57:49:818 Team/(11121:11151): Intentando Conexión a Broker...
[ERROR] 00:57:54:819 Team/(11121:11151): Intento de conexión fallido, intentando de nuevo en 5 segundo/ss.
[INFO] 00:57:54:820 Team/(11121:11151): Intentando Conexión a Broker...
[ERROR] 00:57:59:822 Team/(11121:11151): Intento de conexión fallido, intentando de nuevo en 5 segundo/ss.
[INFO] 00:57:59:822 Team/(11121:11151): Intentando Conexión a Broker...
[INFO] 00:58:04:823 Team/(11121:11151): Conexión con Broker establecida, apostemos cuánto dura...
[INFO] 00:58:04:824 Team/(11121:11149): Intentando Conexión a Broker...
[INFO] 00:58:09:824 Team/(11121:11149): Conexión con Broker establecida, apostemos cuánto dura...
[INFO] 00:58:09:825 Team/(11121:11150): Intentando Conexión a Broker...
[INFO] 00:58:14:826 Team/(11121:11150): Conexión con Broker establecida, apostemos cuánto dura...
[INFO] 00:58:22:416 Team/(11121:11151): LLego un mensaje Caught, datos:
Nombre:Default
Intento de atrapar: 1
ID: 0
ID Correlativa: 8.
[INFO] 00:59:18:163 Team/(11121:11151): LLego un mensaje Caught, datos:
Nombre:Default
Intento de atrapar: 1
ID: 1
ID Correlativa: 5.
[INFO] 13:13:59:625 Team/(4622:4630): Intentando Conexión a Broker...
[INFO] 13:14:04:667 Team/(4622:4630): Conexión con Broker establecida, apostemos cuánto dura...
[INFO] 13:14:04:668 Team/(4622:4630): Intentando Conexión a Broker...
[INFO] 13:14:09:668 Team/(4622:4630): Conexión con Broker establecida, apostemos cuánto dura...
[INFO] 13:14:09:669 Team/(4622:4630): Intentando Conexión a Broker...
[INFO] 13:14:14:670 Team/(4622:4630): Conexión con Broker establecida, apostemos cuánto dura...
[INFO] 13:16:49:324 Team/(4622:4641): Intentando Conexión a Broker...
[ERROR] 13:16:54:327 Team/(4622:4641): Intento de conexión fallido, intentando de nuevo en 5 segundo/s.
[INFO] 13:16:54:328 Team/(4622:4641): Intentando Conexión a Broker...
[ERROR] 13:16:59:329 Team/(4622:4641): Intento de conexión fallido, intentando de nuevo en 5 segundo/s.
[INFO] 13:16:59:330 Team/(4622:4641): Intentando Conexión a Broker...
[ERROR] 13:17:04:330 Team/(4622:4641): Intento de conexión fallido, intentando de nuevo en 5 segundo/s.
[INFO] 13:17:04:330 Team/(4622:4641): Intentando Conexión a Broker...
[INFO] 13:17:33:857 Team/(4804:4815): Intentando Conexión a Broker...
[INFO] 13:17:38:858 Team/(4804:4815): Conexión con Broker establecida, apostemos cuánto dura...
[INFO] 13:17:44:528 Team/(4804:4815): Intentando Conexión a Broker...
[INFO] 13:17:49:529 Team/(4804:4815): Conexión con Broker establecida, apostemos cuánto dura...
[INFO] 13:18:26:45 Team/(4804:4815): Intentando Conexión a Broker...
[INFO] 13:18:31:46 Team/(4804:4815): Conexión con Broker establecida, apostemos cuánto dura...
[INFO] 13:19:04:795 Team/(4899:4908): Intentando Conexión a Broker...
[INFO] 13:19:09:796 Team/(4899:4908): Conexión con Broker establecida, apostemos cuánto dura...
[INFO] 13:19:09:796 Team/(4899:4908): Intentando Conexión a Broker...
[INFO] 13:19:14:797 Team/(4899:4908): Conexión con Broker establecida, apostemos cuánto dura...
[INFO] 13:19:14:798 Team/(4899:4908): Intentando Conexión a Broker...
[INFO] 13:19:19:799 Team/(4899:4908): Conexión con Broker establecida, apostemos cuánto dura...
[INFO] 13:20:08:820 Team/(4974:4983): Intentando Conexión a Broker...
[INFO] 13:20:13:820 Team/(4974:4983): Conexión con Broker establecida, apostemos cuánto dura...
[INFO] 13:20:13:821 Team/(4974:4983): Intentando Conexión a Broker...
[INFO] 13:20:18:822 Team/(4974:4983): Conexión con Broker establecida, apostemos cuánto dura...
[INFO] 13:20:18:823 Team/(4974:4983): Intentando Conexión a Broker...
[INFO] 13:20:23:823 Team/(4974:4983): Conexión con Broker establecida, apostemos cuánto dura...
[INFO] 13:31:33:946 Team/(5875:5886): Intentando Conexión a Broker...
[INFO] 13:31:40:856 Team/(5875:5886): Conexión con Broker establecida, apostemos cuánto dura...
[INFO] 13:31:40:856 Team/(5875:5886): Intentando Conexión a Broker...
[INFO] 13:31:48:528 Team/(5875:5886): Conexión con Broker establecida, apostemos cuánto dura...
[INFO] 13:31:48:528 Team/(5875:5886): Intentando Conexión a Broker...
[INFO] 13:31:53:529 Team/(5875:5886): Conexión con Broker establecida, apostemos cuánto dura...
[INFO] 13:32:55:247 Team/(5998:6011): Intentando Conexión a Broker...
[INFO] 13:33:00:360 Team/(5998:6011): Conexión con Broker establecida, apostemos cuánto dura...
[INFO] 13:33:00:360 Team/(5998:6011): Intentando Conexión a Broker...
[INFO] 13:33:05:361 Team/(5998:6011): Conexión con Broker establecida, apostemos cuánto dura...
[INFO] 13:33:05:362 Team/(5998:6011): Intentando Conexión a Broker...
[INFO] 13:33:10:363 Team/(5998:6011): Conexión con Broker establecida, apostemos cuánto dura...
[INFO] 13:33:52:379 Team/(6081:6091): Intentando Conexión a Broker...
[INFO] 13:33:57:380 Team/(6081:6091): Conexión con Broker establecida, apostemos cuánto dura...
[INFO] 13:33:57:381 Team/(6081:6091): Intentando Conexión a Broker...
[INFO] 13:34:02:382 Team/(6081:6091): Conexión con Broker establecida, apostemos cuánto dura...
[INFO] 13:34:02:383 Team/(6081:6091): Intentando Conexión a Broker...
[INFO] 13:34:07:384 Team/(6081:6091): Conexión con Broker establecida, apostemos cuánto dura...
[INFO] 13:34:57:703 Team/(6138:6152): Intentando Conexión a Broker...
[INFO] 13:34:57:703 Team/(6138:6154): Conexión a Broker fallida, Se inicia operación por default: Asumir que no existen los Pokemones objetivo.
[ERROR] 13:35:02:704 Team/(6138:6152): Intento de conexión fallido, intentando de nuevo en 5 segundo/s.
[INFO] 13:35:02:704 Team/(6138:6152): Intentando Conexión a Broker...
[INFO] 13:35:07:705 Team/(6138:6152): Conexión con Broker establecida, apostemos cuánto dura...
[INFO] 13:35:07:705 Team/(6138:6152): Intentando Conexión a Broker...
[INFO] 13:35:12:706 Team/(6138:6152): Conexión con Broker establecida, apostemos cuánto dura...
[INFO] 13:35:12:707 Team/(6138:6152): Intentando Conexión a Broker...
[INFO] 13:35:17:707 Team/(6138:6152): Conexión con Broker establecida, apostemos cuánto dura...
[INFO] 13:35:38:333 Team/(6138:6161): Intentando Conexión a Broker...
[INFO] 13:35:50:542 Team/(6193:6202): Intentando Conexión a Broker...
[INFO] 13:35:55:543 Team/(6193:6202): Conexión con Broker establecida, apostemos cuánto dura...
[INFO] 13:35:55:544 Team/(6193:6202): Intentando Conexión a Broker...
[INFO] 13:36:00:545 Team/(6193:6202): Conexión con Broker establecida, apostemos cuánto dura...
[INFO] 13:36:00:546 Team/(6193:6202): Intentando Conexión a Broker...
[INFO] 13:36:05:546 Team/(6193:6202): Conexión con Broker establecida, apostemos cuánto dura...
[INFO] 13:39:14:941 Team/(6357:6366): Intentando Conexión a Broker...
[INFO] 13:39:19:948 Team/(6357:6366): Conexión con Broker establecida, apostemos cuánto dura...
[INFO] 13:39:19:948 Team/(6357:6366): Intentando Conexión a Broker...
[INFO] 13:39:24:949 Team/(6357:6366): Conexión con Broker establecida, apostemos cuánto dura...
[INFO] 13:39:24:950 Team/(6357:6366): Intentando Conexión a Broker...
[INFO] 13:39:29:950 Team/(6357:6366): Conexión con Broker establecida, apostemos cuánto dura...
[INFO] 13:39:48:632 Team/(6406:6415): Intentando Conexión a Broker...
[INFO] 13:39:53:633 Team/(6406:6415): Conexión con Broker establecida, apostemos cuánto dura...
[INFO] 13:39:53:633 Team/(6406:6415): Intentando Conexión a Broker...
[INFO] 13:39:58:635 Team/(6406:6415): Conexión con Broker establecida, apostemos cuánto dura...
[INFO] 13:39:58:636 Team/(6406:6415): Intentando Conexión a Broker...
[INFO] 13:40:03:636 Team/(6406:6415): Conexión con Broker establecida, apostemos cuánto dura...
[INFO] 13:41:01:657 Team/(6406:6426): LLego un mensaje Localized, datos:
Nombre:Bulbasaur
Cantidad Posiciones: 0
ID: 1
ID Correlativa: 0.
[INFO] 13:41:55:987 Team/(6506:6519): Intentando Conexión a Broker...
[INFO] 13:42:00:996 Team/(6506:6519): Conexión con Broker establecida, apostemos cuánto dura...
[INFO] 13:42:00:996 Team/(6506:6519): Intentando Conexión a Broker...
[INFO] 13:42:05:997 Team/(6506:6519): Conexión con Broker establecida, apostemos cuánto dura...
[INFO] 13:42:05:997 Team/(6506:6519): Intentando Conexión a Broker...
[INFO] 13:42:10:998 Team/(6506:6519): Conexión con Broker establecida, apostemos cuánto dura...
[INFO] 13:42:11:3 Team/(6506:6539): LLego un mensaje Localized, datos:
Nombre:Bulbasaur
Cantidad Posiciones: 0
ID: 1
ID Correlativa: 0.
[INFO] 13:43:59:842 Team/(6642:6653): Intentando Conexión a Broker...
[INFO] 13:44:04:843 Team/(6642:6653): Conexión con Broker establecida, apostemos cuánto dura...
[INFO] 13:44:04:844 Team/(6642:6653): Intentando Conexión a Broker...
[INFO] 13:44:09:844 Team/(6642:6653): Conexión con Broker establecida, apostemos cuánto dura...
[INFO] 13:44:09:845 Team/(6642:6653): Intentando Conexión a Broker...
[INFO] 13:44:14:845 Team/(6642:6653): Conexión con Broker establecida, apostemos cuánto dura...
[INFO] 13:48:10:171 Team/(6934:6945): Intentando Conexión a Broker...
[INFO] 13:48:15:172 Team/(6934:6945): Conexión con Broker establecida, apostemos cuánto dura...
[INFO] 13:48:15:172 Team/(6934:6945): Intentando Conexión a Broker...
[INFO] 13:48:20:173 Team/(6934:6945): Conexión con Broker establecida, apostemos cuánto dura...
[INFO] 13:48:20:174 Team/(6934:6945): Intentando Conexión a Broker...
[INFO] 13:48:25:174 Team/(6934:6945): Conexión con Broker establecida, apostemos cuánto dura...
[INFO] 13:49:44:820 Team/(7034:7045): Intentando Conexión a Broker...
[INFO] 13:49:49:820 Team/(7034:7045): Conexión con Broker establecida, apostemos cuánto dura...
[INFO] 13:49:49:821 Team/(7034:7045): Intentando Conexión a Broker...
[INFO] 13:49:54:822 Team/(7034:7045): Conexión con Broker establecida, apostemos cuánto dura...
[INFO] 13:49:54:822 Team/(7034:7045): Intentando Conexión a Broker...
[INFO] 13:49:59:823 Team/(7034:7045): Conexión con Broker establecida, apostemos cuánto dura...
[INFO] 13:57:14:279 Team/(7301:7305): Intentando Conexión a Broker...
[INFO] 13:57:19:280 Team/(7301:7305): Conexión con Broker establecida, apostemos cuánto dura...
[INFO] 13:57:19:281 Team/(7301:7305): Intentando Conexión a Broker...
[INFO] 13:57:24:282 Team/(7301:7305): Conexión con Broker establecida, apostemos cuánto dura...
[INFO] 13:57:24:282 Team/(7301:7305): Intentando Conexión a Broker...
[INFO] 13:57:29:283 Team/(7301:7305): Conexión con Broker establecida, apostemos cuánto dura...
[INFO] 13:59:47:507 Team/(7394:7398): Intentando Conexión a Broker...
[INFO] 13:59:52:508 Team/(7394:7398): Conexión con Broker establecida, apostemos cuánto dura...
[INFO] 13:59:52:509 Team/(7394:7398): Intentando Conexión a Broker...
[INFO] 13:59:57:510 Team/(7394:7398): Conexión con Broker establecida, apostemos cuánto dura...
[INFO] 13:59:57:510 Team/(7394:7398): Intentando Conexión a Broker...
[INFO] 14:00:02:511 Team/(7394:7398): Conexión con Broker establecida, apostemos cuánto dura...
[INFO] 14:13:29:979 Team/(9913:9922): Intentando Conexión a Broker...
[INFO] 14:13:34:984 Team/(9913:9922): Conexión con Broker establecida, apostemos cuánto dura...
[INFO] 14:13:34:986 Team/(9913:9922): Intentando Conexión a Broker...
[INFO] 14:13:39:987 Team/(9913:9922): Conexión con Broker establecida, apostemos cuánto dura...
[INFO] 14:13:39:988 Team/(9913:9922): Intentando Conexión a Broker...
[INFO] 14:13:44:988 Team/(9913:9922): Conexión con Broker establecida, apostemos cuánto dura...
[INFO] 14:13:49:171 Team/(9913:9931): Intentando Conexión a Broker...
[ERROR] 14:13:54:172 Team/(9913:9931): Intento de conexión fallido, intentando de nuevo en 5 segundo/s.
[INFO] 14:13:54:172 Team/(9913:9931): Intentando Conexión a Broker...
[ERROR] 14:13:59:173 Team/(9913:9931): Intento de conexión fallido, intentando de nuevo en 5 segundo/s.
[INFO] 14:13:59:173 Team/(9913:9931): Intentando Conexión a Broker...
[ERROR] 14:14:04:173 Team/(9913:9931): Intento de conexión fallido, intentando de nuevo en 5 segundo/s.
[INFO] 14:14:04:174 Team/(9913:9931): Intentando Conexión a Broker...
[ERROR] 14:14:09:175 Team/(9913:9931): Intento de conexión fallido, intentando de nuevo en 5 segundo/s.
[INFO] 14:14:09:175 Team/(9913:9931): Intentando Conexión a Broker...
[ERROR] 14:14:14:176 Team/(9913:9931): Intento de conexión fallido, intentando de nuevo en 5 segundo/s.
[INFO] 14:14:14:176 Team/(9913:9931): Intentando Conexión a Broker...
[ERROR] 14:14:19:177 Team/(9913:9931): Intento de conexión fallido, intentando de nuevo en 5 segundo/s.
[INFO] 14:14:19:178 Team/(9913:9931): Intentando Conexión a Broker...
[ERROR] 14:14:24:179 Team/(9913:9931): Intento de conexión fallido, intentando de nuevo en 5 segundo/s.
[INFO] 14:14:24:179 Team/(9913:9931): Intentando Conexión a Broker...
[ERROR] 14:14:29:180 Team/(9913:9931): Intento de conexión fallido, intentando de nuevo en 5 segundo/s.
[INFO] 14:14:29:181 Team/(9913:9931): Intentando Conexión a Broker...
