[INFO] 12:23:34:125 Team/(4060:4070): Intentando Conexión a Broker...
[INFO] 12:23:34:125 Team/(4060:4070): Conexión con Broker establecida, apostemos cuánto dura...
[INFO] 12:23:34:126 Team/(4060:4070): Intentando Conexión a Broker...
[INFO] 12:23:34:126 Team/(4060:4070): Conexión con Broker establecida, apostemos cuánto dura...
[INFO] 12:23:34:126 Team/(4060:4070): Intentando Conexión a Broker...
[INFO] 12:23:34:127 Team/(4060:4070): Conexión con Broker establecida, apostemos cuánto dura...
[INFO] 12:24:44:0 Team/(4141:4152): Intentando Conexión a Broker...
[INFO] 12:24:45:2 Team/(4141:4152): Conexión con Broker establecida, apostemos cuánto dura...
[INFO] 12:24:45:3 Team/(4141:4152): Intentando Conexión a Broker...
[INFO] 12:24:46:3 Team/(4141:4152): Conexión con Broker establecida, apostemos cuánto dura...
[INFO] 12:24:46:3 Team/(4141:4152): Intentando Conexión a Broker...
[INFO] 12:24:48:4 Team/(4141:4152): Conexión con Broker establecida, apostemos cuánto dura...
[INFO] 12:26:16:803 Team/(4234:4244): Intentando Conexión a Broker...
[INFO] 12:26:17:805 Team/(4234:4244): Conexión con Broker establecida, apostemos cuánto dura...
[INFO] 12:26:17:805 Team/(4234:4244): Intentando Conexión a Broker...
[INFO] 12:26:18:806 Team/(4234:4244): Conexión con Broker establecida, apostemos cuánto dura...
[INFO] 12:26:18:806 Team/(4234:4244): Intentando Conexión a Broker...
[INFO] 12:26:19:807 Team/(4234:4244): Conexión con Broker establecida, apostemos cuánto dura...
[INFO] 13:41:49:869 Team/(7121:7129): Conexión a Broker fallida, Se inicia operación por default: Asumir que no existen los Pokemones objetivo.
[INFO] 13:41:49:870 Team/(7121:7127): Intentando Conexión a Broker...
[ERROR] 13:41:50:877 Team/(7121:7127): Intento de conexión fallido, intentando de nuevo en 10 segundo/s.
[INFO] 13:41:50:877 Team/(7121:7127): Intentando Conexión a Broker...
[ERROR] 13:41:51:878 Team/(7121:7127): Intento de conexión fallido, intentando de nuevo en 10 segundo/s.
[INFO] 13:41:51:878 Team/(7121:7127): Intentando Conexión a Broker...
[ERROR] 13:41:52:879 Team/(7121:7127): Intento de conexión fallido, intentando de nuevo en 10 segundo/s.
[INFO] 13:41:52:879 Team/(7121:7127): Intentando Conexión a Broker...
[ERROR] 13:41:53:885 Team/(7121:7127): Intento de conexión fallido, intentando de nuevo en 10 segundo/s.
[INFO] 13:41:53:886 Team/(7121:7127): Intentando Conexión a Broker...
[ERROR] 13:41:54:887 Team/(7121:7127): Intento de conexión fallido, intentando de nuevo en 10 segundo/s.
[INFO] 13:41:54:887 Team/(7121:7127): Intentando Conexión a Broker...
[ERROR] 13:41:55:887 Team/(7121:7127): Intento de conexión fallido, intentando de nuevo en 10 segundo/s.
[INFO] 13:41:55:887 Team/(7121:7127): Intentando Conexión a Broker...
[ERROR] 13:41:56:892 Team/(7121:7127): Intento de conexión fallido, intentando de nuevo en 10 segundo/s.
[INFO] 13:41:56:892 Team/(7121:7127): Intentando Conexión a Broker...
[ERROR] 13:41:57:928 Team/(7121:7127): Intento de conexión fallido, intentando de nuevo en 10 segundo/s.
[INFO] 13:41:57:929 Team/(7121:7127): Intentando Conexión a Broker...
[INFO] 13:43:05:897 Team/(7368:7376): Conexión a Broker fallida, Se inicia operación por default: Asumir que no existen los Pokemones objetivo.
[INFO] 13:43:05:897 Team/(7368:7374): Intentando Conexión a Broker...
[ERROR] 13:43:06:898 Team/(7368:7374): Intento de conexión fallido, intentando de nuevo en 10 segundo/s.
[INFO] 13:43:06:898 Team/(7368:7374): Intentando Conexión a Broker...
[ERROR] 13:43:07:898 Team/(7368:7374): Intento de conexión fallido, intentando de nuevo en 10 segundo/s.
[INFO] 13:43:07:898 Team/(7368:7374): Intentando Conexión a Broker...
[ERROR] 13:43:08:904 Team/(7368:7374): Intento de conexión fallido, intentando de nuevo en 10 segundo/s.
[INFO] 13:43:08:904 Team/(7368:7374): Intentando Conexión a Broker...
[ERROR] 13:43:09:908 Team/(7368:7374): Intento de conexión fallido, intentando de nuevo en 10 segundo/s.
[INFO] 13:43:09:908 Team/(7368:7374): Intentando Conexión a Broker...
[ERROR] 13:43:10:912 Team/(7368:7374): Intento de conexión fallido, intentando de nuevo en 10 segundo/s.
[INFO] 13:43:10:912 Team/(7368:7374): Intentando Conexión a Broker...
[ERROR] 13:43:11:912 Team/(7368:7374): Intento de conexión fallido, intentando de nuevo en 10 segundo/s.
[INFO] 13:43:11:913 Team/(7368:7374): Intentando Conexión a Broker...
[ERROR] 13:43:12:913 Team/(7368:7374): Intento de conexión fallido, intentando de nuevo en 10 segundo/s.
[INFO] 13:43:12:913 Team/(7368:7374): Intentando Conexión a Broker...
[INFO] 13:43:13:629 Team/(7368:7375): LLego un mensaje Appeared, datos:
Nombre:Pikachu
Pos X: 9
Pos Y: 9
ID: 0
ID Correlativa: -2.
[ERROR] 13:43:13:914 Team/(7368:7374): Intento de conexión fallido, intentando de nuevo en 10 segundo/s.
[INFO] 13:43:13:914 Team/(7368:7374): Intentando Conexión a Broker...
[ERROR] 13:43:14:915 Team/(7368:7374): Intento de conexión fallido, intentando de nuevo en 10 segundo/s.
[INFO] 13:43:14:915 Team/(7368:7374): Intentando Conexión a Broker...
[INFO] 13:43:15:631 Team/(7368:7375): LLego un mensaje Appeared, datos:
Nombre:Squirtle
Pos X: 6
Pos Y: 7
ID: 0
ID Correlativa: -2.
[INFO] 13:43:15:631 Team/(7368:7370): El entrenador numero [2] cambia al estado READY
[ERROR] 13:43:15:918 Team/(7368:7374): Intento de conexión fallido, intentando de nuevo en 10 segundo/s.
[INFO] 13:43:15:918 Team/(7368:7374): Intentando Conexión a Broker...
[INFO] 13:43:16:738 Team/(7368:7370): El entrenador numero [2] cambia al estado EXEC
[ERROR] 13:43:16:934 Team/(7368:7374): Intento de conexión fallido, intentando de nuevo en 10 segundo/s.
[INFO] 13:43:16:934 Team/(7368:7374): Intentando Conexión a Broker...
[INFO] 13:43:17:739 Team/(7368:7370): MOVIMIENTO | Entrenador numero [2] comienza a moverse a la posicion 9,9
[INFO] 13:43:17:739 Team/(7368:7371): El entrenador numero [3] cambia al estado READY
[INFO] 13:43:17:739 Team/(7368:7375): LLego un mensaje Appeared, datos:
Nombre:Onix
Pos X: 2
Pos Y: 8
ID: 0
ID Correlativa: -2.
[ERROR] 13:43:17:942 Team/(7368:7374): Intento de conexión fallido, intentando de nuevo en 10 segundo/s.
[INFO] 13:43:17:942 Team/(7368:7374): Intentando Conexión a Broker...
[ERROR] 13:43:18:945 Team/(7368:7374): Intento de conexión fallido, intentando de nuevo en 10 segundo/s.
[INFO] 13:43:18:946 Team/(7368:7374): Intentando Conexión a Broker...
[INFO] 13:43:19:750 Team/(7368:7375): LLego un mensaje Appeared, datos:
Nombre:Gengar
Pos X: 6
Pos Y: 6
ID: 0
ID Correlativa: -2.
[INFO] 13:43:19:750 Team/(7368:7369): El entrenador numero [1] cambia al estado READY
[ERROR] 13:43:19:950 Team/(7368:7374): Intento de conexión fallido, intentando de nuevo en 10 segundo/s.
[INFO] 13:43:19:950 Team/(7368:7374): Intentando Conexión a Broker...
[INFO] 13:43:20:750 Team/(7368:7370): El entrenador numero [2] cambia al estado READY
[ERROR] 13:43:20:952 Team/(7368:7374): Intento de conexión fallido, intentando de nuevo en 10 segundo/s.
[INFO] 13:43:20:952 Team/(7368:7374): Intentando Conexión a Broker...
[INFO] 13:43:21:753 Team/(7368:7371): El entrenador numero [3] cambia al estado EXEC
[INFO] 13:43:21:758 Team/(7368:7375): LLego un mensaje Appeared, datos:
Nombre:Squirtle
Pos X: 5
Pos Y: 5
ID: 0
ID Correlativa: -2.
[ERROR] 13:43:21:952 Team/(7368:7374): Intento de conexión fallido, intentando de nuevo en 10 segundo/s.
[INFO] 13:43:21:952 Team/(7368:7374): Intentando Conexión a Broker...
[INFO] 13:43:22:754 Team/(7368:7371): MOVIMIENTO | Entrenador numero [3] comienza a moverse a la posicion 6,7
[ERROR] 13:43:22:953 Team/(7368:7374): Intento de conexión fallido, intentando de nuevo en 10 segundo/s.
[INFO] 13:43:22:953 Team/(7368:7374): Intentando Conexión a Broker...
[ERROR] 13:43:23:953 Team/(7368:7374): Intento de conexión fallido, intentando de nuevo en 10 segundo/s.
[INFO] 13:43:23:954 Team/(7368:7374): Intentando Conexión a Broker...
[ERROR] 13:43:24:954 Team/(7368:7374): Intento de conexión fallido, intentando de nuevo en 10 segundo/s.
[INFO] 13:43:24:954 Team/(7368:7374): Intentando Conexión a Broker...
[INFO] 13:43:25:757 Team/(7368:7371): El entrenador numero [3] cambia al estado READY
[ERROR] 13:43:25:955 Team/(7368:7374): Intento de conexión fallido, intentando de nuevo en 10 segundo/s.
[INFO] 13:43:25:955 Team/(7368:7374): Intentando Conexión a Broker...
[INFO] 13:43:26:759 Team/(7368:7369): El entrenador numero [1] cambia al estado EXEC
[ERROR] 13:43:26:955 Team/(7368:7374): Intento de conexión fallido, intentando de nuevo en 10 segundo/s.
[INFO] 13:43:26:955 Team/(7368:7374): Intentando Conexión a Broker...
[INFO] 13:43:27:760 Team/(7368:7369): MOVIMIENTO | Entrenador numero [1] comienza a moverse a la posicion 2,8
[ERROR] 13:43:27:956 Team/(7368:7374): Intento de conexión fallido, intentando de nuevo en 10 segundo/s.
[INFO] 13:43:27:956 Team/(7368:7374): Intentando Conexión a Broker...
[ERROR] 13:43:28:956 Team/(7368:7374): Intento de conexión fallido, intentando de nuevo en 10 segundo/s.
[INFO] 13:43:28:957 Team/(7368:7374): Intentando Conexión a Broker...
[ERROR] 13:43:29:957 Team/(7368:7374): Intento de conexión fallido, intentando de nuevo en 10 segundo/s.
[INFO] 13:43:29:957 Team/(7368:7374): Intentando Conexión a Broker...
[INFO] 13:43:30:762 Team/(7368:7369): El entrenador numero [1] cambia al estado READY
[ERROR] 13:43:30:957 Team/(7368:7374): Intento de conexión fallido, intentando de nuevo en 10 segundo/s.
[INFO] 13:43:30:958 Team/(7368:7374): Intentando Conexión a Broker...
[INFO] 13:43:31:762 Team/(7368:7370): El entrenador numero [2] cambia al estado EXEC
[ERROR] 13:43:31:958 Team/(7368:7374): Intento de conexión fallido, intentando de nuevo en 10 segundo/s.
[INFO] 13:43:31:958 Team/(7368:7374): Intentando Conexión a Broker...
[ERROR] 13:43:32:959 Team/(7368:7374): Intento de conexión fallido, intentando de nuevo en 10 segundo/s.
[INFO] 13:43:32:959 Team/(7368:7374): Intentando Conexión a Broker...
[ERROR] 13:43:33:959 Team/(7368:7374): Intento de conexión fallido, intentando de nuevo en 10 segundo/s.
[INFO] 13:43:33:960 Team/(7368:7374): Intentando Conexión a Broker...
[ERROR] 13:43:34:961 Team/(7368:7374): Intento de conexión fallido, intentando de nuevo en 10 segundo/s.
[INFO] 13:43:34:961 Team/(7368:7374): Intentando Conexión a Broker...
[INFO] 13:43:35:766 Team/(7368:7370): El entrenador numero [2] cambia al estado READY
[ERROR] 13:43:35:961 Team/(7368:7374): Intento de conexión fallido, intentando de nuevo en 10 segundo/s.
[INFO] 13:43:35:962 Team/(7368:7374): Intentando Conexión a Broker...
[INFO] 13:43:36:767 Team/(7368:7371): El entrenador numero [3] cambia al estado EXEC
[ERROR] 13:43:36:962 Team/(7368:7374): Intento de conexión fallido, intentando de nuevo en 10 segundo/s.
[INFO] 13:43:36:962 Team/(7368:7374): Intentando Conexión a Broker...
[ERROR] 13:43:37:963 Team/(7368:7374): Intento de conexión fallido, intentando de nuevo en 10 segundo/s.
[INFO] 13:43:37:963 Team/(7368:7374): Intentando Conexión a Broker...
[ERROR] 13:43:38:963 Team/(7368:7374): Intento de conexión fallido, intentando de nuevo en 10 segundo/s.
[INFO] 13:43:38:963 Team/(7368:7374): Intentando Conexión a Broker...
[ERROR] 13:43:39:964 Team/(7368:7374): Intento de conexión fallido, intentando de nuevo en 10 segundo/s.
[INFO] 13:43:39:964 Team/(7368:7374): Intentando Conexión a Broker...
[INFO] 13:43:40:770 Team/(7368:7371): El entrenador numero [3] cambia al estado READY
[ERROR] 13:43:40:964 Team/(7368:7374): Intento de conexión fallido, intentando de nuevo en 10 segundo/s.
[INFO] 13:43:40:964 Team/(7368:7374): Intentando Conexión a Broker...
[INFO] 13:43:41:771 Team/(7368:7369): El entrenador numero [1] cambia al estado EXEC
[ERROR] 13:43:41:964 Team/(7368:7374): Intento de conexión fallido, intentando de nuevo en 10 segundo/s.
[INFO] 13:43:41:964 Team/(7368:7374): Intentando Conexión a Broker...
[ERROR] 13:43:42:965 Team/(7368:7374): Intento de conexión fallido, intentando de nuevo en 10 segundo/s.
[INFO] 13:43:42:965 Team/(7368:7374): Intentando Conexión a Broker...
[ERROR] 13:43:43:966 Team/(7368:7374): Intento de conexión fallido, intentando de nuevo en 10 segundo/s.
[INFO] 13:43:43:966 Team/(7368:7374): Intentando Conexión a Broker...
[ERROR] 13:43:44:967 Team/(7368:7374): Intento de conexión fallido, intentando de nuevo en 10 segundo/s.
[INFO] 13:43:44:967 Team/(7368:7374): Intentando Conexión a Broker...
[INFO] 13:43:45:775 Team/(7368:7369): El entrenador numero [1] cambia al estado READY
[ERROR] 13:43:45:967 Team/(7368:7374): Intento de conexión fallido, intentando de nuevo en 10 segundo/s.
[INFO] 13:43:45:967 Team/(7368:7374): Intentando Conexión a Broker...
[INFO] 13:43:46:776 Team/(7368:7370): El entrenador numero [2] cambia al estado EXEC
[ERROR] 13:43:46:967 Team/(7368:7374): Intento de conexión fallido, intentando de nuevo en 10 segundo/s.
[INFO] 13:43:46:967 Team/(7368:7374): Intentando Conexión a Broker...
[ERROR] 13:43:47:968 Team/(7368:7374): Intento de conexión fallido, intentando de nuevo en 10 segundo/s.
[INFO] 13:43:47:968 Team/(7368:7374): Intentando Conexión a Broker...
[ERROR] 13:43:48:968 Team/(7368:7374): Intento de conexión fallido, intentando de nuevo en 10 segundo/s.
[INFO] 13:43:48:968 Team/(7368:7374): Intentando Conexión a Broker...
[ERROR] 13:43:49:969 Team/(7368:7374): Intento de conexión fallido, intentando de nuevo en 10 segundo/s.
[INFO] 13:43:49:969 Team/(7368:7374): Intentando Conexión a Broker...
[INFO] 13:43:50:780 Team/(7368:7370): El entrenador numero [2] cambia al estado READY
[ERROR] 13:43:50:970 Team/(7368:7374): Intento de conexión fallido, intentando de nuevo en 10 segundo/s.
[INFO] 13:43:50:970 Team/(7368:7374): Intentando Conexión a Broker...
[INFO] 13:43:51:781 Team/(7368:7371): El entrenador numero [3] cambia al estado EXEC
[ERROR] 13:43:51:971 Team/(7368:7374): Intento de conexión fallido, intentando de nuevo en 10 segundo/s.
[INFO] 13:43:51:971 Team/(7368:7374): Intentando Conexión a Broker...
[ERROR] 13:43:52:972 Team/(7368:7374): Intento de conexión fallido, intentando de nuevo en 10 segundo/s.
[INFO] 13:43:52:972 Team/(7368:7374): Intentando Conexión a Broker...
[ERROR] 13:43:53:973 Team/(7368:7374): Intento de conexión fallido, intentando de nuevo en 10 segundo/s.
[INFO] 13:43:53:973 Team/(7368:7374): Intentando Conexión a Broker...
[ERROR] 13:43:54:973 Team/(7368:7374): Intento de conexión fallido, intentando de nuevo en 10 segundo/s.
[INFO] 13:43:54:973 Team/(7368:7374): Intentando Conexión a Broker...
[INFO] 13:43:55:782 Team/(7368:7371): El entrenador numero [3] cambia al estado READY
[ERROR] 13:43:55:974 Team/(7368:7374): Intento de conexión fallido, intentando de nuevo en 10 segundo/s.
[INFO] 13:43:55:974 Team/(7368:7374): Intentando Conexión a Broker...
[INFO] 13:43:56:783 Team/(7368:7369): El entrenador numero [1] cambia al estado EXEC
[ERROR] 13:43:56:975 Team/(7368:7374): Intento de conexión fallido, intentando de nuevo en 10 segundo/s.
[INFO] 13:43:56:975 Team/(7368:7374): Intentando Conexión a Broker...
[ERROR] 13:43:57:975 Team/(7368:7374): Intento de conexión fallido, intentando de nuevo en 10 segundo/s.
[INFO] 13:43:57:975 Team/(7368:7374): Intentando Conexión a Broker...
[ERROR] 13:43:58:977 Team/(7368:7374): Intento de conexión fallido, intentando de nuevo en 10 segundo/s.
[INFO] 13:43:58:977 Team/(7368:7374): Intentando Conexión a Broker...
[INFO] 13:43:59:784 Team/(7368:7369): MOVIMIENTO | Entrenador numero [1] terminó de moverse a la posicion 2,8
[INFO] 13:43:59:784 Team/(7368:7369): El entrenador [1] está intentando atrapar un Onix!! en las coordenadas [2,8].
[ERROR] 13:43:59:977 Team/(7368:7374): Intento de conexión fallido, intentando de nuevo en 10 segundo/s.
[INFO] 13:43:59:977 Team/(7368:7374): Intentando Conexión a Broker...
[INFO] 13:44:00:786 Team/(7368:7369): Conexión a Broker fallida, Se inicia operación por default: Asumir que el Entrenador logró atrapar al Pokemon.
[INFO] 13:44:00:786 Team/(7368:7369): El entrenador numero [1] cambia al estado BLOCKED
[ERROR] 13:44:00:978 Team/(7368:7374): Intento de conexión fallido, intentando de nuevo en 10 segundo/s.
[INFO] 13:44:00:978 Team/(7368:7374): Intentando Conexión a Broker...
[INFO] 13:44:01:788 Team/(7368:7370): El entrenador numero [2] cambia al estado EXEC
[ERROR] 13:44:01:979 Team/(7368:7374): Intento de conexión fallido, intentando de nuevo en 10 segundo/s.
[INFO] 13:44:01:979 Team/(7368:7374): Intentando Conexión a Broker...
[ERROR] 13:44:02:980 Team/(7368:7374): Intento de conexión fallido, intentando de nuevo en 10 segundo/s.
[INFO] 13:44:02:980 Team/(7368:7374): Intentando Conexión a Broker...
[ERROR] 13:44:03:981 Team/(7368:7374): Intento de conexión fallido, intentando de nuevo en 10 segundo/s.
[INFO] 13:44:03:982 Team/(7368:7374): Intentando Conexión a Broker...
[ERROR] 13:44:04:982 Team/(7368:7374): Intento de conexión fallido, intentando de nuevo en 10 segundo/s.
[INFO] 13:44:04:982 Team/(7368:7374): Intentando Conexión a Broker...
[INFO] 13:44:05:792 Team/(7368:7370): El entrenador numero [2] cambia al estado READY
[ERROR] 13:44:05:983 Team/(7368:7374): Intento de conexión fallido, intentando de nuevo en 10 segundo/s.
[INFO] 13:44:05:983 Team/(7368:7374): Intentando Conexión a Broker...
[INFO] 13:44:06:793 Team/(7368:7371): El entrenador numero [3] cambia al estado EXEC
[ERROR] 13:44:06:983 Team/(7368:7374): Intento de conexión fallido, intentando de nuevo en 10 segundo/s.
[INFO] 13:44:06:983 Team/(7368:7374): Intentando Conexión a Broker...
[ERROR] 13:44:07:983 Team/(7368:7374): Intento de conexión fallido, intentando de nuevo en 10 segundo/s.
[INFO] 13:44:07:983 Team/(7368:7374): Intentando Conexión a Broker...
[ERROR] 13:44:08:985 Team/(7368:7374): Intento de conexión fallido, intentando de nuevo en 10 segundo/s.
[INFO] 13:44:08:985 Team/(7368:7374): Intentando Conexión a Broker...
[INFO] 13:44:09:795 Team/(7368:7371): MOVIMIENTO | Entrenador numero [3] terminó de moverse a la posicion 6,7
[INFO] 13:44:09:795 Team/(7368:7371): El entrenador [3] está intentando atrapar un Squirtle!! en las coordenadas [6,7].
[ERROR] 13:44:09:986 Team/(7368:7374): Intento de conexión fallido, intentando de nuevo en 10 segundo/s.
[INFO] 13:44:09:986 Team/(7368:7374): Intentando Conexión a Broker...
[INFO] 13:44:10:795 Team/(7368:7371): Conexión a Broker fallida, Se inicia operación por default: Asumir que el Entrenador logró atrapar al Pokemon.
[INFO] 13:44:10:795 Team/(7368:7371): El entrenador numero [3] cambia al estado BLOCKED
[ERROR] 13:44:10:987 Team/(7368:7374): Intento de conexión fallido, intentando de nuevo en 10 segundo/s.
[INFO] 13:44:10:987 Team/(7368:7374): Intentando Conexión a Broker...
[INFO] 13:44:11:796 Team/(7368:7371): El entrenador numero [3] cambia al estado READY
[INFO] 13:44:11:796 Team/(7368:7370): El entrenador numero [2] cambia al estado EXEC
[ERROR] 13:44:11:987 Team/(7368:7374): Intento de conexión fallido, intentando de nuevo en 10 segundo/s.
[INFO] 13:44:11:987 Team/(7368:7374): Intentando Conexión a Broker...
[ERROR] 13:44:12:988 Team/(7368:7374): Intento de conexión fallido, intentando de nuevo en 10 segundo/s.
[INFO] 13:44:12:988 Team/(7368:7374): Intentando Conexión a Broker...
[ERROR] 13:44:13:989 Team/(7368:7374): Intento de conexión fallido, intentando de nuevo en 10 segundo/s.
[INFO] 13:44:13:989 Team/(7368:7374): Intentando Conexión a Broker...
[ERROR] 13:44:14:990 Team/(7368:7374): Intento de conexión fallido, intentando de nuevo en 10 segundo/s.
[INFO] 13:44:14:990 Team/(7368:7374): Intentando Conexión a Broker...
[INFO] 13:44:15:800 Team/(7368:7370): El entrenador numero [2] cambia al estado READY
[ERROR] 13:44:15:991 Team/(7368:7374): Intento de conexión fallido, intentando de nuevo en 10 segundo/s.
[INFO] 13:44:15:991 Team/(7368:7374): Intentando Conexión a Broker...
[INFO] 13:44:16:801 Team/(7368:7371): El entrenador numero [3] cambia al estado EXEC
[ERROR] 13:44:16:991 Team/(7368:7374): Intento de conexión fallido, intentando de nuevo en 10 segundo/s.
[INFO] 13:44:16:991 Team/(7368:7374): Intentando Conexión a Broker...
[INFO] 13:44:17:802 Team/(7368:7371): MOVIMIENTO | Entrenador numero [3] comienza a moverse a la posicion 6,6
[ERROR] 13:44:17:992 Team/(7368:7374): Intento de conexión fallido, intentando de nuevo en 10 segundo/s.
[INFO] 13:44:17:992 Team/(7368:7374): Intentando Conexión a Broker...
[INFO] 13:44:18:803 Team/(7368:7371): MOVIMIENTO | Entrenador numero [3] terminó de moverse a la posicion 6,6
[INFO] 13:44:18:803 Team/(7368:7371): El entrenador [3] está intentando atrapar un Gengar!! en las coordenadas [6,6].
[ERROR] 13:44:18:994 Team/(7368:7374): Intento de conexión fallido, intentando de nuevo en 10 segundo/s.
[INFO] 13:44:18:994 Team/(7368:7374): Intentando Conexión a Broker...
[INFO] 13:44:19:803 Team/(7368:7371): Conexión a Broker fallida, Se inicia operación por default: Asumir que el Entrenador logró atrapar al Pokemon.
[INFO] 13:44:19:803 Team/(7368:7371): El entrenador numero [3] cambia al estado BLOCKED
[ERROR] 13:44:19:995 Team/(7368:7374): Intento de conexión fallido, intentando de nuevo en 10 segundo/s.
[INFO] 13:44:19:995 Team/(7368:7374): Intentando Conexión a Broker...
[INFO] 13:44:20:804 Team/(7368:7370): El entrenador numero [2] cambia al estado EXEC
[ERROR] 13:44:20:995 Team/(7368:7374): Intento de conexión fallido, intentando de nuevo en 10 segundo/s.
[INFO] 13:44:20:995 Team/(7368:7374): Intentando Conexión a Broker...
[ERROR] 13:44:21:995 Team/(7368:7374): Intento de conexión fallido, intentando de nuevo en 10 segundo/s.
[INFO] 13:44:21:996 Team/(7368:7374): Intentando Conexión a Broker...
[ERROR] 13:44:22:996 Team/(7368:7374): Intento de conexión fallido, intentando de nuevo en 10 segundo/s.
[INFO] 13:44:22:996 Team/(7368:7374): Intentando Conexión a Broker...
[ERROR] 13:44:23:997 Team/(7368:7374): Intento de conexión fallido, intentando de nuevo en 10 segundo/s.
[INFO] 13:44:23:997 Team/(7368:7374): Intentando Conexión a Broker...
[INFO] 13:44:24:809 Team/(7368:7370): El entrenador numero [2] cambia al estado READY
[ERROR] 13:44:24:997 Team/(7368:7374): Intento de conexión fallido, intentando de nuevo en 10 segundo/s.
[INFO] 13:44:24:998 Team/(7368:7374): Intentando Conexión a Broker...
[INFO] 13:44:25:809 Team/(7368:7370): El entrenador numero [2] cambia al estado EXEC
[ERROR] 13:44:25:998 Team/(7368:7374): Intento de conexión fallido, intentando de nuevo en 10 segundo/s.
[INFO] 13:44:25:999 Team/(7368:7374): Intentando Conexión a Broker...
[ERROR] 13:44:26:999 Team/(7368:7374): Intento de conexión fallido, intentando de nuevo en 10 segundo/s.
[INFO] 13:44:26:999 Team/(7368:7374): Intentando Conexión a Broker...
[INFO] 13:44:27:811 Team/(7368:7370): MOVIMIENTO | Entrenador numero [2] terminó de moverse a la posicion 9,9
[INFO] 13:44:27:811 Team/(7368:7370): El entrenador [2] está intentando atrapar un Pikachu!! en las coordenadas [9,9].
[ERROR] 13:44:27:0 Team/(7368:7374): Intento de conexión fallido, intentando de nuevo en 10 segundo/s.
[INFO] 13:44:27:0 Team/(7368:7374): Intentando Conexión a Broker...
[INFO] 13:44:28:811 Team/(7368:7370): Conexión a Broker fallida, Se inicia operación por default: Asumir que el Entrenador logró atrapar al Pokemon.
[INFO] 13:44:28:811 Team/(7368:7370): El entrenador numero [2] cambia al estado BLOCKED
[ERROR] 13:44:28:0 Team/(7368:7374): Intento de conexión fallido, intentando de nuevo en 10 segundo/s.
[INFO] 13:44:28:1 Team/(7368:7374): Intentando Conexión a Broker...
[INFO] 13:44:29:812 Team/(7368:7370): El entrenador numero [2] cambia al estado READY
[ERROR] 13:44:29:2 Team/(7368:7374): Intento de conexión fallido, intentando de nuevo en 10 segundo/s.
[INFO] 13:44:29:2 Team/(7368:7374): Intentando Conexión a Broker...
[INFO] 13:44:30:821 Team/(7368:7370): El entrenador numero [2] cambia al estado EXEC
[ERROR] 13:44:31:3 Team/(7368:7374): Intento de conexión fallido, intentando de nuevo en 10 segundo/s.
[INFO] 13:44:31:3 Team/(7368:7374): Intentando Conexión a Broker...
[INFO] 13:44:31:826 Team/(7368:7370): MOVIMIENTO | Entrenador numero [2] comienza a moverse a la posicion 5,5
[ERROR] 13:44:32:5 Team/(7368:7374): Intento de conexión fallido, intentando de nuevo en 10 segundo/s.
[INFO] 13:44:32:5 Team/(7368:7374): Intentando Conexión a Broker...
[ERROR] 13:44:33:20 Team/(7368:7374): Intento de conexión fallido, intentando de nuevo en 10 segundo/s.
[INFO] 13:44:33:20 Team/(7368:7374): Intentando Conexión a Broker...
[ERROR] 13:44:34:22 Team/(7368:7374): Intento de conexión fallido, intentando de nuevo en 10 segundo/s.
[INFO] 13:44:34:23 Team/(7368:7374): Intentando Conexión a Broker...
[INFO] 13:44:34:854 Team/(7368:7370): El entrenador numero [2] cambia al estado READY
[ERROR] 13:44:35:28 Team/(7368:7374): Intento de conexión fallido, intentando de nuevo en 10 segundo/s.
[INFO] 13:44:35:28 Team/(7368:7374): Intentando Conexión a Broker...
[INFO] 13:44:35:861 Team/(7368:7370): El entrenador numero [2] cambia al estado EXEC
[ERROR] 13:44:36:31 Team/(7368:7374): Intento de conexión fallido, intentando de nuevo en 10 segundo/s.
[INFO] 13:44:36:31 Team/(7368:7374): Intentando Conexión a Broker...
[ERROR] 13:44:37:50 Team/(7368:7374): Intento de conexión fallido, intentando de nuevo en 10 segundo/s.
[INFO] 13:44:37:50 Team/(7368:7374): Intentando Conexión a Broker...
[ERROR] 13:44:38:52 Team/(7368:7374): Intento de conexión fallido, intentando de nuevo en 10 segundo/s.
[INFO] 13:44:38:52 Team/(7368:7374): Intentando Conexión a Broker...
[ERROR] 13:44:39:68 Team/(7368:7374): Intento de conexión fallido, intentando de nuevo en 10 segundo/s.
[INFO] 13:44:39:68 Team/(7368:7374): Intentando Conexión a Broker...
[INFO] 13:44:39:867 Team/(7368:7370): El entrenador numero [2] cambia al estado READY
[ERROR] 13:44:40:70 Team/(7368:7374): Intento de conexión fallido, intentando de nuevo en 10 segundo/s.
[INFO] 13:44:40:70 Team/(7368:7374): Intentando Conexión a Broker...
[INFO] 13:44:40:871 Team/(7368:7370): El entrenador numero [2] cambia al estado EXEC
[ERROR] 13:44:41:75 Team/(7368:7374): Intento de conexión fallido, intentando de nuevo en 10 segundo/s.
[INFO] 13:44:41:75 Team/(7368:7374): Intentando Conexión a Broker...
[ERROR] 13:44:42:76 Team/(7368:7374): Intento de conexión fallido, intentando de nuevo en 10 segundo/s.
[INFO] 13:44:42:76 Team/(7368:7374): Intentando Conexión a Broker...
[ERROR] 13:44:43:85 Team/(7368:7374): Intento de conexión fallido, intentando de nuevo en 10 segundo/s.
[INFO] 13:44:43:85 Team/(7368:7374): Intentando Conexión a Broker...
[ERROR] 13:44:44:93 Team/(7368:7374): Intento de conexión fallido, intentando de nuevo en 10 segundo/s.
[INFO] 13:44:44:93 Team/(7368:7374): Intentando Conexión a Broker...
[INFO] 13:44:44:901 Team/(7368:7370): El entrenador numero [2] cambia al estado READY
[ERROR] 13:44:45:94 Team/(7368:7374): Intento de conexión fallido, intentando de nuevo en 10 segundo/s.
[INFO] 13:44:45:94 Team/(7368:7374): Intentando Conexión a Broker...
[INFO] 13:44:45:904 Team/(7368:7370): El entrenador numero [2] cambia al estado EXEC
[ERROR] 13:44:46:107 Team/(7368:7374): Intento de conexión fallido, intentando de nuevo en 10 segundo/s.
[INFO] 13:44:46:107 Team/(7368:7374): Intentando Conexión a Broker...
[ERROR] 13:44:47:112 Team/(7368:7374): Intento de conexión fallido, intentando de nuevo en 10 segundo/s.
[INFO] 13:44:47:112 Team/(7368:7374): Intentando Conexión a Broker...
[ERROR] 13:44:48:119 Team/(7368:7374): Intento de conexión fallido, intentando de nuevo en 10 segundo/s.
[INFO] 13:44:48:119 Team/(7368:7374): Intentando Conexión a Broker...
[INFO] 13:44:48:955 Team/(7368:7370): MOVIMIENTO | Entrenador numero [2] terminó de moverse a la posicion 5,5
[INFO] 13:44:48:955 Team/(7368:7370): El entrenador [2] está intentando atrapar un Squirtle!! en las coordenadas [5,5].
[ERROR] 13:44:49:136 Team/(7368:7374): Intento de conexión fallido, intentando de nuevo en 10 segundo/s.
[INFO] 13:44:49:136 Team/(7368:7374): Intentando Conexión a Broker...
[INFO] 13:44:49:967 Team/(7368:7370): Conexión a Broker fallida, Se inicia operación por default: Asumir que el Entrenador logró atrapar al Pokemon.
[INFO] 13:44:49:967 Team/(7368:7370): El entrenador numero [2] cambia al estado BLOCKED
[ERROR] 13:44:50:138 Team/(7368:7374): Intento de conexión fallido, intentando de nuevo en 10 segundo/s.
[INFO] 13:44:50:138 Team/(7368:7374): Intentando Conexión a Broker...
[INFO] 13:44:50:969 Team/(7368:7368): DEADLOCK | Iniciando deteccion y recuperacion de deadlock
[INFO] 13:44:50:969 Team/(7368:7368): El entrenador numero [1] cambia al estado READY
[ERROR] 13:44:51:139 Team/(7368:7374): Intento de conexión fallido, intentando de nuevo en 10 segundo/s.
[INFO] 13:44:51:970 Team/(7368:7368): El entrenador numero [1] cambia al estado READY
[INFO] 13:44:52:971 Team/(7368:7368): El entrenador numero [1] cambia al estado EXEC
[INFO] 13:44:53:973 Team/(7368:7368): MOVIMIENTO | Entrenador numero [1] comienza a moverse a la posicion 6,6
[INFO] 13:44:56:991 Team/(7368:7368): El entrenador numero [1] cambia al estado READY
[INFO] 13:44:57:994 Team/(7368:7368): El entrenador numero [1] cambia al estado EXEC
[INFO] 13:45:02:4 Team/(7368:7368): El entrenador numero [1] cambia al estado READY
[INFO] 13:45:03:7 Team/(7368:7368): El entrenador numero [1] cambia al estado EXEC
[INFO] 13:45:06:13 Team/(7368:7368): MOVIMIENTO | Entrenador numero [1] terminó de moverse a la posicion 6,6
[INFO] 13:45:11:14 Team/(7368:7368): INTERCAMBIO | Entrenador [1] entrega pokemon Onix, entrenador [3] entrega pokemon Gengar
[INFO] 13:45:11:14 Team/(7368:7368): El entrenador numero [1] cambia al estado BLOCKED
[INFO] 13:45:12:14 Team/(7368:7368): El entrenador numero [1] cambia al estado READY
[INFO] 13:45:13:17 Team/(7368:7368): El entrenador numero [1] cambia al estado READY
[INFO] 13:45:14:21 Team/(7368:7368): El entrenador numero [1] cambia al estado EXEC
[INFO] 13:45:15:26 Team/(7368:7368): MOVIMIENTO | Entrenador numero [1] comienza a moverse a la posicion 5,5
[INFO] 13:45:17:29 Team/(7368:7368): MOVIMIENTO | Entrenador numero [1] terminó de moverse a la posicion 5,5
[INFO] 13:45:22:32 Team/(7368:7368): INTERCAMBIO | Entrenador [1] entrega pokemon Gengar, entrenador [2] entrega pokemon Squirtle
[INFO] 13:45:22:32 Team/(7368:7368): El entrenador numero [1] cambia al estado BLOCKED
[INFO] 13:45:23:37 Team/(7368:7368): DEADLOCK | Cantidad de ciclos totales resueltos: 1
[INFO] 13:45:23:37 Team/(7368:7368): DEADLOCK | Todo el deadlock fue resuelto correctamente
[INFO] 13:45:23:37 Team/(7368:7368): El entrenador numero [1] cambia al estado EXIT
[INFO] 13:45:24:44 Team/(7368:7368): El entrenador numero [2] cambia al estado EXIT
[INFO] 13:45:25:49 Team/(7368:7368): El entrenador numero [3] cambia al estado EXIT
[INFO] 13:45:26:51 Team/(7368:7368): La cantidad de ciclos totales de CPU es: 59
[INFO] 13:45:26:51 Team/(7368:7368): El entrenador numero [1] realizo [25] ciclos de CPU
[INFO] 13:45:26:51 Team/(7368:7368): El entrenador numero [2] realizo [23] ciclos de CPU
[INFO] 13:45:26:51 Team/(7368:7368): El entrenador numero [3] realizo [11] ciclos de CPU
[INFO] 13:45:26:51 Team/(7368:7368): La cantidad de cambios de contexto totales es: 58
