==5739== Memcheck, a memory error detector
==5739== Copyright (C) 2002-2015, and GNU GPL'd, by Julian Seward et al.
==5739== Using Valgrind-3.11.0 and LibVEX; rerun with -h for copyright info
==5739== Command: ./Team
==5739== Parent PID: 3340
==5739== 
==5739== Invalid write of size 4
==5739==    at 0x406A5AE: sem_init@@GLIBC_2.1 (sem_init.c:52)
==5739==    by 0x804C446: main (team.c:90)
==5739==  Address 0xc is not stack'd, malloc'd or (recently) free'd
==5739== 
==5739== 
==5739== Process terminating with default action of signal 11 (SIGSEGV)
==5739==  Access not within mapped region at address 0xC
==5739==    at 0x406A5AE: sem_init@@GLIBC_2.1 (sem_init.c:52)
==5739==    by 0x804C446: main (team.c:90)
==5739==  If you believe this happened as a result of a stack
==5739==  overflow in your program's main thread (unlikely but
==5739==  possible), you can try to increase the size of the
==5739==  main thread stack using the --main-stacksize= flag.
==5739==  The main thread stack size used in this run was 8388608.
==5739== 
==5739== HEAP SUMMARY:
==5739==     in use at exit: 2,391 bytes in 91 blocks
==5739==   total heap usage: 232 allocs, 141 frees, 10,993 bytes allocated
==5739== 
==5739== 12 bytes in 3 blocks are definitely lost in loss record 11 of 35
==5739==    at 0x402E2CC: realloc (in /usr/lib/valgrind/vgpreload_memcheck-x86-linux.so)
==5739==    by 0x407D45E: string_trim_right (in /usr/lib/libcommons.so)
==5739==    by 0x407D354: string_trim (in /usr/lib/libcommons.so)
==5739==    by 0x407D73D: string_get_string_as_array (in /usr/lib/libcommons.so)
==5739==    by 0x407F5D5: config_get_array_value (in /usr/lib/libcommons.so)
==5739==    by 0x8049975: inicializar_entrenadores_con_config (config.c:50)
==5739==    by 0x804C32C: main (team.c:61)
==5739== 
==5739== 24 bytes in 3 blocks are definitely lost in loss record 18 of 35
==5739==    at 0x402E2CC: realloc (in /usr/lib/valgrind/vgpreload_memcheck-x86-linux.so)
==5739==    by 0x407DBC4: _string_split (in /usr/lib/libcommons.so)
==5739==    by 0x407D5F3: string_split (in /usr/lib/libcommons.so)
==5739==    by 0x8049E5E: llenar_objetivos_y_actuales_de_entrenador (config.c:170)
==5739==    by 0x8049B2C: inicializar_entrenadores_con_config (config.c:68)
==5739==    by 0x804C32C: main (team.c:61)
==5739== 
==5739== 29 bytes in 3 blocks are definitely lost in loss record 20 of 35
==5739==    at 0x402E2CC: realloc (in /usr/lib/valgrind/vgpreload_memcheck-x86-linux.so)
==5739==    by 0x407D45E: string_trim_right (in /usr/lib/libcommons.so)
==5739==    by 0x407D354: string_trim (in /usr/lib/libcommons.so)
==5739==    by 0x407D73D: string_get_string_as_array (in /usr/lib/libcommons.so)
==5739==    by 0x407F5D5: config_get_array_value (in /usr/lib/libcommons.so)
==5739==    by 0x804998B: inicializar_entrenadores_con_config (config.c:51)
==5739==    by 0x804C32C: main (team.c:61)
==5739== 
==5739== 36 bytes in 3 blocks are definitely lost in loss record 22 of 35
==5739==    at 0x402E2CC: realloc (in /usr/lib/valgrind/vgpreload_memcheck-x86-linux.so)
==5739==    by 0x407DBC4: _string_split (in /usr/lib/libcommons.so)
==5739==    by 0x407D5F3: string_split (in /usr/lib/libcommons.so)
==5739==    by 0x8049DE1: llenar_objetivos_y_actuales_de_entrenador (config.c:163)
==5739==    by 0x8049B2C: inicializar_entrenadores_con_config (config.c:68)
==5739==    by 0x804C32C: main (team.c:61)
==5739== 
==5739== 58 bytes in 3 blocks are definitely lost in loss record 25 of 35
==5739==    at 0x402E2CC: realloc (in /usr/lib/valgrind/vgpreload_memcheck-x86-linux.so)
==5739==    by 0x407D45E: string_trim_right (in /usr/lib/libcommons.so)
==5739==    by 0x407D354: string_trim (in /usr/lib/libcommons.so)
==5739==    by 0x407D73D: string_get_string_as_array (in /usr/lib/libcommons.so)
==5739==    by 0x407F5D5: config_get_array_value (in /usr/lib/libcommons.so)
==5739==    by 0x80499A1: inicializar_entrenadores_con_config (config.c:52)
==5739==    by 0x804C32C: main (team.c:61)
==5739== 
==5739== LEAK SUMMARY:
==5739==    definitely lost: 159 bytes in 15 blocks
==5739==    indirectly lost: 0 bytes in 0 blocks
==5739==      possibly lost: 680 bytes in 5 blocks
==5739==    still reachable: 1,552 bytes in 71 blocks
==5739==         suppressed: 0 bytes in 0 blocks
==5739== Reachable blocks (those to which a pointer was found) are not shown.
==5739== To see them, rerun with: --leak-check=full --show-leak-kinds=all
==5739== 
==5739== For counts of detected and suppressed errors, rerun with: -v
==5739== ERROR SUMMARY: 9 errors from 9 contexts (suppressed: 0 from 0)
